"../../../Engine/Content/EditorBlueprintResources/ActorMacros.uasset" 0
"../../../Engine/Content/EditorBlueprintResources/StandardMacros.uasset" 1
"G:/Tanki_Onlien/Content/MobileStarterContent/Textures/T_Burst_M.uasset" 2
"G:/Tanki_Onlien/Content/MobileStarterContent/Particles/Materials/M_Burst.uasset" 3
"G:/Tanki_Onlien/Content/MobileStarterContent/Textures/T_Explosion_SubUV.uasset" 4
"G:/Tanki_Onlien/Content/MobileStarterContent/Particles/Materials/M_explosion_subUV.uasset" 5
"G:/Tanki_Onlien/Content/MobileStarterContent/Particles/Materials/m_flare_01.uasset" 6
"../../../Engine/Content/Functions/Engine_MaterialFunctions01/Gradient/RadialGradient.uasset" 7
"G:/Tanki_Onlien/Content/MobileStarterContent/Particles/Materials/M_radial_ramp.uasset" 8
"G:/Tanki_Onlien/Content/MobileStarterContent/Textures/T_Smoke_SubUV.uasset" 9
"G:/Tanki_Onlien/Content/MobileStarterContent/Textures/T_Smoke_Tiled_D.uasset" 10
"G:/Tanki_Onlien/Content/MobileStarterContent/Particles/Materials/M_smoke_subUV.uasset" 11
"G:/Tanki_Onlien/Content/MobileStarterContent/Particles/P_Explosion.uasset" 12
"G:/Tanki_Onlien/Content/Blueprints/particle.uasset" 13
"G:/Tanki_Onlien/Content/Blueprints/Helicopters/explode_range.uasset" 14
"../../../Engine/Content/BasicShapes/BasicShapeMaterial.uasset" 15
"G:/Tanki_Onlien/Content/Assets/Materials/Red.uasset" 16
"../../../Engine/Content/Functions/Engine_MaterialFunctions01/Opacity/CameraDepthFade.uasset" 17
"../../../Engine/Content/EngineMaterials/T_Default_Material_Grid_M.uasset" 18
"../../../Engine/Content/EngineMaterials/T_Default_Material_Grid_N.uasset" 19
"../../../Engine/Content/EngineMaterials/DefaultMaterial.uasset" 20
"../../../Engine/Content/BasicShapes/Cone.uasset" 21
"../../../Engine/Content/EngineMaterials/WorldGridMaterial.uasset" 22
"../../../Engine/Content/BasicShapes/Cube.uasset" 23
"../../../Engine/Content/BasicShapes/Cylinder.uasset" 24
"../../../Engine/Content/Functions/Engine_MaterialFunctions01/Shading/ConvertFromDiffSpec.uasset" 25
"G:/Tanki_Onlien/Content/Assets/Materials/White_mat.uasset" 26
"G:/Tanki_Onlien/Content/Assets/Particles/bullet.uasset" 27
"G:/Tanki_Onlien/Content/Blueprints/Helicopters/rocket.uasset" 28
"G:/Tanki_Onlien/Content/Blueprints/main_gameinstance.uasset" 29
"G:/Tanki_Onlien/Content/MobileStarterContent/Textures/T_Metal_Gold_D.uasset" 30
"G:/Tanki_Onlien/Content/MobileStarterContent/Textures/T_Metal_Gold_N.uasset" 31
"G:/Tanki_Onlien/Content/MobileStarterContent/Materials/M_Metal_Gold.uasset" 32
"G:/Tanki_Onlien/Content/Assets/Particles/Snaryad.uasset" 33
"G:/Tanki_Onlien/Content/Blueprints/Tanks/snaryad.uasset" 34
"G:/Tanki_Onlien/Content/Blueprints/UI/MainHud.uasset" 35
"../../../Engine/Content/EngineFonts/RobotoDistanceField.uasset" 36
"../../../Engine/Content/ArtTools/RenderToTexture/Materials/M_UnlitText_01.uasset" 37
"../../../Engine/Content/MapTemplates/Sky/M_BlackBackground.uasset" 38
"G:/Tanki_Onlien/Content/MobileStarterContent/Textures/T_Metal_Rust_D.uasset" 39
"G:/Tanki_Onlien/Content/MobileStarterContent/Textures/T_Metal_Rust_N.uasset" 40
"G:/Tanki_Onlien/Content/MobileStarterContent/Materials/M_Metal_Rust.uasset" 41
"G:/Tanki_Onlien/Content/Assets/Textures/Scope.uasset" 42
"G:/Tanki_Onlien/Content/Blueprints/UI/Scope.uasset" 43
"../../../Engine/Content/MobileResources/HUD/AnalogHat.uasset" 44
"G:/Tanki_Onlien/Content/Assets/Materials/dim.uasset" 45
"G:/Tanki_Onlien/Content/Assets/Particles/dim.uasset" 46
"G:/Tanki_Onlien/Content/MobileStarterContent/Textures/T_Metal_Steel_N.uasset" 47
"G:/Tanki_Onlien/Content/Assets/Materials/Tank_metal.uasset" 48
"G:/Tanki_Onlien/Content/Blueprints/Tanks/Meshes/bashnya.uasset" 49
"G:/Tanki_Onlien/Content/Blueprints/Tanks/Meshes/pushka.uasset" 50
"../../../Engine/Content/EditorMeshes/ColorCalibrator/M_ClearCoatBlack.uasset" 51
"G:/Tanki_Onlien/Content/Assets/Materials/Tank_wheel.uasset" 52
"../../../Engine/Content/Engine_MI_Shaders/T_Reflection.uasset" 53
"../../../Engine/Content/Engine_MI_Shaders/M_Shader_SimpleTranslucent.uasset" 54
"../../../Engine/Content/Engine_MI_Shaders/T_Emissive.uasset" 55
"../../../Engine/Content/Engine_MI_Shaders/Instances/M_Shader_SimpleTranslucent_Invis.uasset" 56
"G:/Tanki_Onlien/Content/Blueprints/Tanks/tank.uasset" 57
"G:/Tanki_Onlien/Content/Blueprints/Tanks/tank_wheels.uasset" 58
"G:/Tanki_Onlien/Content/Blueprints/Tanks/Meshes/tank_PhysicsAsset.uasset" 59
"G:/Tanki_Onlien/Content/Blueprints/Tanks/Meshes/tank_Skeleton.uasset" 60
"G:/Tanki_Onlien/Content/Blueprints/Tanks/Meshes/tank.uasset" 61
"G:/Tanki_Onlien/Content/Assets/Textures/fire_icon.uasset" 62
"G:/Tanki_Onlien/Content/Blueprints/UI/Android_control.uasset" 63
"G:/Tanki_Onlien/Content/MobileStarterContent/Textures/T_Fire_SubUV.uasset" 64
"G:/Tanki_Onlien/Content/MobileStarterContent/Textures/T_Fire_Tiled_D.uasset" 65
"G:/Tanki_Onlien/Content/MobileStarterContent/Particles/Materials/M_Fire_SubUV.uasset" 66
"G:/Tanki_Onlien/Content/MobileStarterContent/Particles/Materials/M_Radial_Gradient.uasset" 67
"G:/Tanki_Onlien/Content/MobileStarterContent/Particles/P_Fire.uasset" 68
"G:/Tanki_Onlien/Content/Blueprints/Tanks/Tank1.uasset" 69
"G:/Tanki_Onlien/Content/Blueprints/Tanks/bullet.uasset" 70
"G:/Tanki_Onlien/Content/Assets/Materials/invis.uasset" 71
"G:/Tanki_Onlien/Content/Assets/Textures/vint_texsture.uasset" 72
"G:/Tanki_Onlien/Content/Assets/Materials/Vint.uasset" 73
"G:/Tanki_Onlien/Content/Assets/Materials/Window.uasset" 74
"G:/Tanki_Onlien/Content/MobileStarterContent/Textures/T_Metal_Steel_D.uasset" 75
"G:/Tanki_Onlien/Content/MobileStarterContent/Materials/M_Metal_Steel.uasset" 76
"G:/Tanki_Onlien/Content/Assets/Meshes/armed_helicopter_Skeleton.uasset" 77
"G:/Tanki_Onlien/Content/Assets/Meshes/armed_helicopter.uasset" 78
"G:/Tanki_Onlien/Content/Blueprints/UI/Trottle.uasset" 79
"G:/Tanki_Onlien/Content/MobileStarterContent/Materials/M_Basic_Wall.uasset" 80
"G:/Tanki_Onlien/Content/MobileStarterContent/Shapes/Shape_Cube.uasset" 81
"G:/Tanki_Onlien/Content/Blueprints/Helicopters/Helicopter1.uasset" 82
"G:/Tanki_Onlien/Content/Blueprints/UI/Spectator_mobile_switcher.uasset" 83
"G:/Tanki_Onlien/Content/Blueprints/spectator.uasset" 84
"G:/Tanki_Onlien/Content/Blueprints/player_controller.uasset" 85
"G:/Tanki_Onlien/Content/Blueprints/Tank_gamemode.uasset" 86
"G:/Tanki_Onlien/Content/Assets/Meshes/stolb.uasset" 87
"G:/Tanki_Onlien/Content/Blueprints/Obstacles/Stolb.uasset" 88
"G:/Tanki_Onlien/Content/Assets/Meshes/zabor.uasset" 89
"G:/Tanki_Onlien/Content/Blueprints/Obstacles/Zabor.uasset" 90
"G:/Tanki_Onlien/Content/Blueprints/UI/Main_HUD.uasset" 91
"G:/Tanki_Onlien/Content/MobileStarterContent/Architecture/Pillar_50x500.uasset" 92
"G:/Tanki_Onlien/Content/MobileStarterContent/Architecture/Wall_400x300.uasset" 93
"G:/Tanki_Onlien/Content/MobileStarterContent/Architecture/Wall_400x400.uasset" 94
"G:/Tanki_Onlien/Content/MobileStarterContent/Architecture/Wall_500x500.uasset" 95
"G:/Tanki_Onlien/Content/MobileStarterContent/Architecture/Wall_Door_400x400.uasset" 96
"G:/Tanki_Onlien/Content/MobileStarterContent/Architecture/Wall_Window_400x400.uasset" 97
"G:/Tanki_Onlien/Content/MobileStarterContent/Audio/Light01.uasset" 98
"G:/Tanki_Onlien/Content/MobileStarterContent/Audio/Light01_Cue.uasset" 99
"G:/Tanki_Onlien/Content/MobileStarterContent/Audio/Light02.uasset" 100
"G:/Tanki_Onlien/Content/MobileStarterContent/Audio/Light02_Cue.uasset" 101
"G:/Tanki_Onlien/Content/MobileStarterContent/Audio/Steam01.uasset" 102
"G:/Tanki_Onlien/Content/MobileStarterContent/Audio/Steam01_Cue.uasset" 103
"G:/Tanki_Onlien/Content/MobileStarterContent/Audio/Explosion01.uasset" 104
"G:/Tanki_Onlien/Content/MobileStarterContent/Audio/Explosion02.uasset" 105
"G:/Tanki_Onlien/Content/MobileStarterContent/Audio/Explosion_Cue.uasset" 106
"G:/Tanki_Onlien/Content/MobileStarterContent/Blueprints/Blueprint_Effect_Explosion.uasset" 107
"G:/Tanki_Onlien/Content/MobileStarterContent/Textures/T_Bush_D.uasset" 108
"G:/Tanki_Onlien/Content/MobileStarterContent/Textures/T_Bush_N.uasset" 109
"G:/Tanki_Onlien/Content/MobileStarterContent/Props/Materials/M_Bush.uasset" 110
"G:/Tanki_Onlien/Content/MobileStarterContent/Props/SM_Bush.uasset" 111
"G:/Tanki_Onlien/Content/MobileStarterContent/Textures/T_Chair_M.uasset" 112
"G:/Tanki_Onlien/Content/MobileStarterContent/Textures/T_Chair_N.uasset" 113
"G:/Tanki_Onlien/Content/MobileStarterContent/Props/Materials/M_Chair.uasset" 114
"G:/Tanki_Onlien/Content/MobileStarterContent/Props/SM_Couch.uasset" 115
"G:/Tanki_Onlien/Content/MobileStarterContent/Materials/M_Glass.uasset" 116
"G:/Tanki_Onlien/Content/MobileStarterContent/Textures/T_Door_M.uasset" 117
"G:/Tanki_Onlien/Content/MobileStarterContent/Textures/T_Door_N.uasset" 118
"G:/Tanki_Onlien/Content/MobileStarterContent/Props/Materials/M_Door.uasset" 119
"G:/Tanki_Onlien/Content/MobileStarterContent/Props/SM_Door.uasset" 120
"G:/Tanki_Onlien/Content/MobileStarterContent/Props/Materials/M_MaterialSphere.uasset" 121
"G:/Tanki_Onlien/Content/MobileStarterContent/Props/Materials/M_MaterialSphere_Plain.uasset" 122
"G:/Tanki_Onlien/Content/MobileStarterContent/Props/SM_MatPreviewMesh_02.uasset" 123
"G:/Tanki_Onlien/Content/MobileStarterContent/Textures/T_Rock_Basalt_D.uasset" 124
"G:/Tanki_Onlien/Content/MobileStarterContent/Textures/T_RockMesh_M.uasset" 125
"G:/Tanki_Onlien/Content/MobileStarterContent/Textures/T_RockMesh_N.uasset" 126
"G:/Tanki_Onlien/Content/MobileStarterContent/Props/Materials/M_Rock.uasset" 127
"G:/Tanki_Onlien/Content/MobileStarterContent/Props/SM_Rock.uasset" 128
"G:/Tanki_Onlien/Content/MobileStarterContent/Textures/T_Shelf_M.uasset" 129
"G:/Tanki_Onlien/Content/MobileStarterContent/Textures/T_Shelf_N.uasset" 130
"G:/Tanki_Onlien/Content/MobileStarterContent/Props/Materials/M_Shelf.uasset" 131
"G:/Tanki_Onlien/Content/MobileStarterContent/Props/SM_Shelf.uasset" 132
"G:/Tanki_Onlien/Content/MobileStarterContent/Props/SM_Stairs.uasset" 133
"G:/Tanki_Onlien/Content/MobileStarterContent/Shapes/Shape_Cone.uasset" 134
"G:/Tanki_Onlien/Content/MobileStarterContent/Shapes/Shape_Cylinder.uasset" 135
"G:/Tanki_Onlien/Content/MobileStarterContent/Shapes/Shape_NarrowCapsule.uasset" 136
"G:/Tanki_Onlien/Content/MobileStarterContent/Shapes/Shape_Pipe.uasset" 137
"G:/Tanki_Onlien/Content/MobileStarterContent/Shapes/Shape_Pipe_180.uasset" 138
"G:/Tanki_Onlien/Content/MobileStarterContent/Shapes/Shape_Pipe_90.uasset" 139
"G:/Tanki_Onlien/Content/MobileStarterContent/Shapes/Shape_Plane.uasset" 140
"G:/Tanki_Onlien/Content/MobileStarterContent/Shapes/Shape_Torus.uasset" 141
"G:/Tanki_Onlien/Content/MobileStarterContent/Shapes/Shape_Trim.uasset" 142
"G:/Tanki_Onlien/Content/MobileStarterContent/Shapes/Shape_Trim_90_In.uasset" 143
"G:/Tanki_Onlien/Content/MobileStarterContent/Shapes/Shape_Trim_90_Out.uasset" 144
"G:/Tanki_Onlien/Content/MobileStarterContent/Shapes/Shape_TriPyramid.uasset" 145
"G:/Tanki_Onlien/Content/MobileStarterContent/Shapes/Shape_Tube.uasset" 146
"G:/Tanki_Onlien/Content/MobileStarterContent/Shapes/Shape_Wedge_A.uasset" 147
"G:/Tanki_Onlien/Content/MobileStarterContent/Shapes/Shape_Wedge_B.uasset" 148
"G:/Tanki_Onlien/Content/MobileStarterContent/Shapes/Shape_WideCapsule.uasset" 149
"G:/Tanki_Onlien/Content/MobileStarterContent/Textures/T_CobbleStone_Pebble_M.uasset" 150
"G:/Tanki_Onlien/Content/MobileStarterContent/Textures/T_Concrete_Tiles_Variation_M.uasset" 151
"G:/Tanki_Onlien/Content/MobileStarterContent/Textures/T_Detail_Rocky_N.uasset" 152
"G:/Tanki_Onlien/Content/MobileStarterContent/Textures/T_Gradinet_01.uasset" 153
"G:/Tanki_Onlien/Content/MobileStarterContent/Textures/T_Perlin_Noise_M.uasset" 154
"G:/Tanki_Onlien/Content/MobileStarterContent/Textures/T_Rock_Smooth_Granite_D.uasset" 155
"../../../Engine/Content/Animation/DefaultAnimCurveCompressionSettings.uasset" 156
"../../../Engine/Content/ArtTools/RenderToTexture/Meshes/S_1_Unit_Plane.uasset" 157
"../../../Engine/Content/BasicShapes/Plane.uasset" 158
"../../../Engine/Content/BasicShapes/Sphere.uasset" 159
"../../../Engine/Content/EditorLandscapeResources/DataLayer.uasset" 160
"../../../Engine/Content/EditorMaterials/GizmoMaterial.uasset" 161
"../../../Engine/Content/EditorMaterials/MAT_Groups_Toggle.uasset" 162
"../../../Engine/Content/EditorMaterials/MAT_Groups_Visibility.uasset" 163
"../../../Engine/Content/EditorMaterials/PreviewShadowIndicator.uasset" 164
"../../../Engine/Content/EditorMaterials/PreviewShadowIndicatorMaterial.uasset" 165
"../../../Engine/Content/EditorMaterials/MatineeGroups/MAT_ColorTrack.uasset" 166
"../../../Engine/Content/EditorMaterials/MatineeGroups/MAT_Groups_Anim.uasset" 167
"../../../Engine/Content/EditorMaterials/MatineeGroups/MAT_Groups_AudioMaster.uasset" 168
"../../../Engine/Content/EditorMaterials/MatineeGroups/MAT_Groups_Director.uasset" 169
"../../../Engine/Content/EditorMaterials/MatineeGroups/MAT_Groups_Event.uasset" 170
"../../../Engine/Content/EditorMaterials/MatineeGroups/MAT_Groups_Fade.uasset" 171
"../../../Engine/Content/EditorMaterials/MatineeGroups/MAT_Groups_Float.uasset" 172
"../../../Engine/Content/EditorMaterials/MatineeGroups/MAT_Groups_Move.uasset" 173
"../../../Engine/Content/EditorMaterials/MatineeGroups/MAT_Groups_Slomo.uasset" 174
"../../../Engine/Content/EditorMaterials/MatineeGroups/MAT_Groups_Sound.uasset" 175
"../../../Engine/Content/EditorMaterials/MatineeGroups/MAT_Groups_Vector.uasset" 176
"../../../Engine/Content/EditorMaterials/ParticleSystems/PSysThumbnail_NoImage.uasset" 177
"../../../Engine/Content/EditorMaterials/ParticleSystems/PSysThumbnail_OOD.uasset" 178
"../../../Engine/Content/EditorMaterials/Camera/CineMat.uasset" 179
"../../../Engine/Content/EditorMaterials/Camera/MI_CineMat_Rig.uasset" 180
"../../../Engine/Content/EditorMeshes/Camera/SM_CraneRig_Arm.uasset" 181
"../../../Engine/Content/EditorMeshes/Camera/SM_CraneRig_Base.uasset" 182
"../../../Engine/Content/EditorMeshes/Camera/SM_CraneRig_Body.uasset" 183
"../../../Engine/Content/EditorMeshes/Camera/SM_CraneRig_Mount.uasset" 184
"../../../Engine/Content/EditorMeshes/Camera/SM_RailRig_Mount.uasset" 185
"../../../Engine/Content/EditorMeshes/Camera/SM_RailRig_Track.uasset" 186
"../../../Engine/Content/EditorResources/BSPVertex.uasset" 187
"../../../Engine/Content/EditorResources/EmptyActor.uasset" 188
"../../../Engine/Content/EditorResources/S_Actor.uasset" 189
"../../../Engine/Content/EditorResources/S_Note.uasset" 190
"../../../Engine/Content/EditorResources/S_Trigger.uasset" 191
"../../../Engine/Content/EditorResources/AudioIcons/S_AudioComponent.uasset" 192
"../../../Engine/Content/EditorResources/AudioIcons/S_AudioComponent_AutoActivate.uasset" 193
"../../../Engine/Content/EditorResources/LightIcons/S_LightError.uasset" 194
"../../../Engine/Content/EditorResources/SequenceRecorder/Countdown.uasset" 195
"../../../Engine/Content/EditorResources/SequenceRecorder/RecordingIndicator.uasset" 196
"../../../Engine/Content/EditorSounds/Notifications/CompileFailed.uasset" 197
"../../../Engine/Content/EditorSounds/Notifications/CompileFailed_Cue.uasset" 198
"../../../Engine/Content/EditorSounds/Notifications/CompileSuccess.uasset" 199
"../../../Engine/Content/EditorSounds/Notifications/CompileStart_Cue.uasset" 200
"../../../Engine/Content/EditorSounds/Notifications/CompileSuccess_Cue.uasset" 201
"../../../Engine/Content/EngineDamageTypes/DmgTypeBP_Environmental.uasset" 202
"../../../Engine/Content/EngineDebugMaterials/HeatmapGradient.uasset" 203
"../../../Engine/Content/EngineDebugMaterials/BoneWeightMaterial.uasset" 204
"../../../Engine/Content/EngineDebugMaterials/ClothMaterial.uasset" 205
"../../../Engine/Content/EngineDebugMaterials/ClothMaterial_WF.uasset" 206
"../../../Engine/Content/EngineDebugMaterials/DebugEditorMaterial.uasset" 207
"../../../Engine/Content/EngineDebugMaterials/DebugMeshMaterial.uasset" 208
"../../../Engine/Content/EngineDebugMaterials/GeomMaterial.uasset" 209
"../../../Engine/Content/EngineDebugMaterials/M_SimpleTranslucent.uasset" 210
"../../../Engine/Content/EngineFonts/Faces/RobotoBold.uasset" 211
"../../../Engine/Content/EngineFonts/Faces/RobotoBoldItalic.uasset" 212
"../../../Engine/Content/EngineFonts/Faces/RobotoItalic.uasset" 213
"../../../Engine/Content/EngineFonts/Faces/RobotoLight.uasset" 214
"../../../Engine/Content/EngineFonts/Faces/RobotoRegular.uasset" 215
"../../../Engine/Content/EngineFonts/Roboto.uasset" 216
"../../../Engine/Content/EngineFonts/Faces/RobotoTiny.uasset" 217
"../../../Engine/Content/EngineFonts/RobotoTiny.uasset" 218
"../../../Engine/Content/EngineMaterials/BaseFlattenDiffuseMap.uasset" 219
"../../../Engine/Content/EngineMaterials/BaseFlattenEmissiveMap.uasset" 220
"../../../Engine/Content/EngineMaterials/BaseFlattenGrayscaleMap.uasset" 221
"../../../Engine/Content/EngineMaterials/BaseFlattenNormalMap.uasset" 222
"../../../Engine/Content/EngineMaterials/BaseFlattenMaterial.uasset" 223
"../../../Engine/Content/EngineMaterials/DefaultBloomKernel.uasset" 224
"../../../Engine/Content/EngineMaterials/DefaultBokeh.uasset" 225
"../../../Engine/Content/EngineMaterials/DefaultDiffuse.uasset" 226
"../../../Engine/Content/EngineMaterials/DefaultDeferredDecalMaterial.uasset" 227
"../../../Engine/Content/EngineMaterials/DefaultLightFunctionMaterial.uasset" 228
"../../../Engine/Content/Functions/Engine_MaterialFunctions02/Utility/BreakOutFloat2Components.uasset" 229
"../../../Engine/Content/EngineMaterials/DefaultPostProcessMaterial.uasset" 230
"../../../Engine/Content/EngineMaterials/DefaultTextMaterialOpaque.uasset" 231
"../../../Engine/Content/EngineMaterials/DefaultWhiteGrid.uasset" 232
"../../../Engine/Content/EngineMaterials/EditorBrushMaterial.uasset" 233
"../../../Engine/Content/EngineMaterials/Good64x64TilingNoiseHighFreq.uasset" 234
"../../../Engine/Content/EngineMaterials/MiniFont.uasset" 235
"../../../Engine/Content/EngineMaterials/InvalidLightmapSettings.uasset" 236
"../../../Engine/Content/EngineMaterials/M_InvalidLightmapSettings.uasset" 237
"../../../Engine/Content/Functions/Engine_MaterialFunctions02/WorldPositionOffset/CameraOffset.uasset" 238
"../../../Engine/Content/EngineMaterials/PhAT_JointLimitMaterial.uasset" 239
"../../../Engine/Content/EngineMaterials/PreintegratedSkinBRDF.uasset" 240
"../../../Engine/Content/EngineMaterials/RemoveSurfaceMaterial.uasset" 241
"../../../Engine/Content/EngineMaterials/WeightMapPlaceholderTexture.uasset" 242
"../../../Engine/Content/EngineResources/WhiteSquareTexture.uasset" 243
"../../../Engine/Content/EngineMaterials/Widget3DPassThrough.uasset" 244
"../../../Engine/Content/EngineMaterials/Widget3DPassThrough_Masked.uasset" 245
"../../../Engine/Content/EngineMaterials/Widget3DPassThrough_Opaque.uasset" 246
"../../../Engine/Content/EngineMaterials/Widget3DPassThrough_Masked_OneSided.uasset" 247
"../../../Engine/Content/EngineMaterials/Widget3DPassThrough_Opaque_OneSided.uasset" 248
"../../../Engine/Content/EngineMaterials/Widget3DPassThrough_Translucent.uasset" 249
"../../../Engine/Content/EngineMaterials/Widget3DPassThrough_Translucent_OneSided.uasset" 250
"../../../Engine/Content/EngineMeshes/Cylinder.uasset" 251
"../../../Engine/Content/EngineMeshes/Sphere.uasset" 252
"../../../Engine/Content/EngineResources/Black.uasset" 253
"../../../Engine/Content/EngineResources/DefaultTexture.uasset" 254
"../../../Engine/Content/EngineResources/DefaultTextureCube.uasset" 255
"../../../Engine/Content/EngineResources/DefaultVolumeTexture2D.uasset" 256
"../../../Engine/Content/EngineResources/DefaultVolumeTexture.uasset" 257
"../../../Engine/Content/EngineResources/GradientTexture0.uasset" 258
"../../../Engine/Content/EngineSounds/Master.uasset" 259
"../../../Engine/Content/Functions/Engine_MaterialFunctions01/Shading/PowerToRoughness.uasset" 260
"../../../Engine/Content/Maps/Templates/Thumbnails/Default.uasset" 261
"../../../Engine/Content/Maps/Templates/Thumbnails/VR-Basic.uasset" 262
"../../../Engine/Content/MobileResources/T_MobileControls_texture.uasset" 263
"../../../Engine/Content/MobileResources/T_MobileMenu2.uasset" 264
"../../../Engine/Content/MobileResources/HUD/VirtualJoystick_Background.uasset" 265
"../../../Engine/Content/MobileResources/HUD/VirtualJoystick_Thumb.uasset" 266
"../../../Engine/Content/MobileResources/HUD/DefaultVirtualJoysticks.uasset" 267
"../../../Engine/Content/MobileResources/HUD/LeftVirtualJoystickOnly.uasset" 268
"../../../Engine/Content/MobileResources/HUD/MobileHUDButton1_off.uasset" 269
"../../../Engine/Content/MobileResources/HUD/MobileHUDButton1_on.uasset" 270
"../../../Engine/Content/MobileResources/HUD/MobileHUDButton2_off.uasset" 271
"../../../Engine/Content/MobileResources/HUD/MobileHUDButton2_on.uasset" 272
"../../../Engine/Content/MobileResources/HUD/MobileHUDButton3.uasset" 273
"../../../Engine/Content/MobileResources/HUD/MobileHUDButtonFire.uasset" 274
"../../../Engine/Content/MobileResources/HUD/MobileHUDDirectionPad.uasset" 275
"../../../Engine/Content/MobileResources/HUD/MobileHUDDirectionPad2.uasset" 276
"../../../Engine/Content/MobileResources/HUD/MobileHUDDirectionPad3.uasset" 277
"../../../Engine/Content/MobileResources/HUD/MobileHUDDirectionStick.uasset" 278
"../../../Engine/Content/MobileResources/HUD/T_Castle_ThumbstickInner.uasset" 279
"../../../Engine/Content/MobileResources/HUD/T_Castle_ThumbstickOutter.uasset" 280
"../../../Engine/Content/Tutorial/ContentIntroCurve.uasset" 281
"../../../Engine/Content/Tutorial/Basics/LevelEditorAttract.uasset" 282
"../../../Engine/Content/VREditor/LaserPointer/VR_LaserPower_01.uasset" 283
"../../../Engine/Content/VREditor/TransformGizmo/TransformGizmoMaterial.uasset" 284
"../../../Engine/Content/VREditor/TransformGizmo/TranslucentTransformGizmoMaterial.uasset" 285
"../../../Engine/Content/VREditor/TransformGizmo/BoundingBoxCorner.uasset" 286
"../../../Engine/Content/VREditor/TransformGizmo/BoundingBoxEdge.uasset" 287
"../../../Engine/Content/VREditor/TransformGizmo/PlaneTranslationHandle.uasset" 288
"../../../Engine/Content/VREditor/TransformGizmo/Main.uasset" 289
"../../../Engine/Content/VREditor/TransformGizmo/Xray.uasset" 290
"../../../Engine/Content/VREditor/TransformGizmo/SM_Sequencer_Key.uasset" 291
"../../../Engine/Content/VREditor/TransformGizmo/SM_Sequencer_Node.uasset" 292
"../../Plugins/2D/Paper2D/Content/PlaceholderTextures/DummySpriteTexture.uasset" 293
"../../Plugins/2D/Paper2D/Content/DummySprite.uasset" 294
"../../Plugins/2D/Paper2D/Content/DefaultPaperTerrainMaterial.uasset" 295
"../../Plugins/2D/Paper2D/Content/DummySpriteTexture.uasset" 296
"../../Plugins/2D/Paper2D/Content/DefaultSpriteMaterial.uasset" 297
"../../Plugins/2D/Paper2D/Content/MaskedUnlitSpriteMaterial.uasset" 298
"../../Plugins/2D/Paper2D/Content/OpaqueUnlitSpriteMaterial.uasset" 299
"../../Plugins/Runtime/Oculus/OculusVR/Content/OculusMR_RenderTarget.uasset" 300
"../../../Engine/Content/Functions/Engine_MaterialFunctions02/Utility/BreakOutFloat4Components.uasset" 301
"../../../Engine/Content/Functions/Engine_MaterialFunctions02/Utility/MakeFloat2.uasset" 302
"../../../Engine/Content/Functions/Engine_MaterialFunctions02/Utility/MakeFloat3.uasset" 303
"../../Plugins/Runtime/Oculus/OculusVR/Content/Materials/OculusMR_ChromaKey.uasset" 304
"../../Plugins/Runtime/Oculus/OculusVR/Content/Materials/OculusMR_ChromaKey_Lit.uasset" 305
"../../Plugins/Runtime/Oculus/OculusVR/Content/Materials/OculusMR_OpaqueColoredMaterial.uasset" 306
"../../Plugins/Runtime/Oculus/OculusVR/Content/Materials/OculusMR_WhiteMaterial.uasset" 307
"../../Plugins/Runtime/Oculus/OculusVR/Content/Materials/PokeAHoleMaterial.uasset" 308
"../../Plugins/Runtime/Oculus/OculusVR/Content/Textures/GearVRController_AO.uasset" 309
"../../Plugins/Runtime/Oculus/OculusVR/Content/Textures/GearVRController_Color.uasset" 310
"../../Plugins/Runtime/Oculus/OculusVR/Content/Textures/GearVRController_Normal.uasset" 311
"../../Plugins/Runtime/Oculus/OculusVR/Content/Materials/GearVRControllerMaterial.uasset" 312
"../../Plugins/Runtime/Oculus/OculusVR/Content/Meshes/GearVrController.uasset" 313
"../../Plugins/Runtime/Oculus/OculusVR/Content/Textures/touchController_albedo.uasset" 314
"../../Plugins/Runtime/Oculus/OculusVR/Content/Textures/touchController_controlmap.uasset" 315
"../../Plugins/Runtime/Oculus/OculusVR/Content/Materials/touchController_mat.uasset" 316
"../../Plugins/Runtime/Oculus/OculusVR/Content/Meshes/LeftTouchController.uasset" 317
"../../Plugins/Runtime/Oculus/OculusVR/Content/Meshes/RiftHMD.uasset" 318
"../../Plugins/Runtime/Oculus/OculusVR/Content/Meshes/RightTouchController.uasset" 319
"../../../Engine/Content/EngineSky/C_Sky_Cloud_Color.uasset" 320
"../../../Engine/Content/EngineSky/C_Sky_Horizon_Color.uasset" 321
"../../../Engine/Content/EngineSky/C_Sky_Zenith_Color.uasset" 322
"../../../Engine/Content/EngineSky/T_Sky_Blue.uasset" 323
"../../../Engine/Content/EngineSky/T_Sky_Clouds_M.uasset" 324
"../../../Engine/Content/EngineSky/T_Sky_Stars.uasset" 325
"../../../Engine/Content/EngineSky/M_Sky_Panning_Clouds2.uasset" 326
"../../../Engine/Content/EngineSky/SM_SkySphere.uasset" 327
"../../../Engine/Content/EngineSky/BP_Sky_Sphere.uasset" 328
"G:/Tanki_Onlien/Content/Blueprints/Helicopters/posses_trigger.uasset" 329
"G:/Tanki_Onlien/Content/maps/level1_sharedassets/Cobblestone_LayerInfo.uasset" 330
"G:/Tanki_Onlien/Content/maps/level1_sharedassets/Dirt_LayerInfo.uasset" 331
"G:/Tanki_Onlien/Content/maps/level1_sharedassets/Grass_LayerInfo.uasset" 332
"G:/Tanki_Onlien/Content/maps/level1_sharedassets/Rock_LayerInfo.uasset" 333
"G:/Tanki_Onlien/Content/maps/level1_sharedassets/Sand_LayerInfo.uasset" 334
"G:/Tanki_Onlien/Content/maps/level1_BuiltData.uasset" 335
"G:/Tanki_Onlien/Content/MobileStarterContent/Textures/T_CobbleStone_Pebble_D.uasset" 336
"G:/Tanki_Onlien/Content/MobileStarterContent/Textures/T_CobbleStone_Pebble_N.uasset" 337
"G:/Tanki_Onlien/Content/MobileStarterContent/Textures/T_Ground_Grass_D.uasset" 338
"G:/Tanki_Onlien/Content/MobileStarterContent/Textures/T_Ground_Grass_N.uasset" 339
"G:/Tanki_Onlien/Content/MobileStarterContent/Textures/T_Ground_Gravel_D.uasset" 340
"G:/Tanki_Onlien/Content/MobileStarterContent/Textures/T_Ground_Gravel_N.uasset" 341
"G:/Tanki_Onlien/Content/MobileStarterContent/Textures/T_Rock_Sandstone_D.uasset" 342
"G:/Tanki_Onlien/Content/MobileStarterContent/Textures/T_Rock_Sandstone_N.uasset" 343
"G:/Tanki_Onlien/Content/MobileStarterContent/Textures/T_Rock_Slate_D.uasset" 344
"G:/Tanki_Onlien/Content/MobileStarterContent/Textures/T_Rock_Slate_N.uasset" 345
"G:/Tanki_Onlien/Content/Assets/Materials/Landscape.uasset" 346
"../../../Engine/Content/EngineMaterials/DefaultPhysicalMaterial.uasset" 347
"G:/Tanki_Onlien/Content/Blueprints/UI/Pre_start.uasset" 348
"G:/Tanki_Onlien/Content/maps/level1.umap" 349
"G:/Tanki_Onlien/Content/Blueprints/UI/Options.uasset" 350
"G:/Tanki_Onlien/Content/Blueprints/UI/Menu.uasset" 351
"G:/Tanki_Onlien/Content/maps/menu.umap" 352
"G:/Tanki_Onlien/Content/MobileStarterContent/Maps/Minimal_Default_BuiltData.uasset" 353
"G:/Tanki_Onlien/Content/MobileStarterContent/Materials/M_Basic_Floor.uasset" 354
"G:/Tanki_Onlien/Content/MobileStarterContent/Architecture/Floor_400x400.uasset" 355
"G:/Tanki_Onlien/Content/MobileStarterContent/Props/SM_Chair.uasset" 356
"G:/Tanki_Onlien/Content/MobileStarterContent/Textures/T_Statue_M.uasset" 357
"G:/Tanki_Onlien/Content/MobileStarterContent/Textures/T_Statue_N.uasset" 358
"G:/Tanki_Onlien/Content/MobileStarterContent/Props/Materials/M_Statue.uasset" 359
"G:/Tanki_Onlien/Content/MobileStarterContent/Props/Materials/M_StatueGlass.uasset" 360
"G:/Tanki_Onlien/Content/MobileStarterContent/Props/SM_Statue.uasset" 361
"G:/Tanki_Onlien/Content/MobileStarterContent/Textures/T_TableRound_M.uasset" 362
"G:/Tanki_Onlien/Content/MobileStarterContent/Textures/T_TableRound_N.uasset" 363
"G:/Tanki_Onlien/Content/MobileStarterContent/Props/Materials/M_TableRound.uasset" 364
"G:/Tanki_Onlien/Content/MobileStarterContent/Props/SM_TableRound.uasset" 365
"G:/Tanki_Onlien/Content/MobileStarterContent/Maps/Minimal_Default.umap" 366
"G:/Tanki_Onlien/Content/MobileStarterContent/Audio/Fire01.uasset" 367
"G:/Tanki_Onlien/Content/MobileStarterContent/Audio/Fire01_Cue.uasset" 368
"G:/Tanki_Onlien/Content/MobileStarterContent/Blueprints/Blueprint_Effect_Fire.uasset" 369
"G:/Tanki_Onlien/Content/MobileStarterContent/Audio/Smoke01.uasset" 370
"G:/Tanki_Onlien/Content/MobileStarterContent/Audio/Smoke01_Cue.uasset" 371
"G:/Tanki_Onlien/Content/MobileStarterContent/Particles/P_Smoke.uasset" 372
"G:/Tanki_Onlien/Content/MobileStarterContent/Blueprints/Blueprint_Effect_Smoke.uasset" 373
"G:/Tanki_Onlien/Content/MobileStarterContent/Audio/Fire_Sparks01.uasset" 374
"G:/Tanki_Onlien/Content/MobileStarterContent/Audio/Fire_Sparks01_Cue.uasset" 375
"G:/Tanki_Onlien/Content/MobileStarterContent/Textures/T_Spark_Core.uasset" 376
"G:/Tanki_Onlien/Content/MobileStarterContent/Particles/Materials/M_Spark.uasset" 377
"G:/Tanki_Onlien/Content/MobileStarterContent/Particles/P_Sparks.uasset" 378
"G:/Tanki_Onlien/Content/MobileStarterContent/Blueprints/Blueprint_Effect_Sparks.uasset" 379
"G:/Tanki_Onlien/Content/MobileStarterContent/Textures/T_Lamp_M.uasset" 380
"G:/Tanki_Onlien/Content/MobileStarterContent/Textures/T_Lamp_N.uasset" 381
"G:/Tanki_Onlien/Content/MobileStarterContent/Props/Materials/M_Lamp.uasset" 382
"G:/Tanki_Onlien/Content/MobileStarterContent/Props/SM_Lamp_Ceiling.uasset" 383
"G:/Tanki_Onlien/Content/MobileStarterContent/Blueprints/Blueprint_CeilingLight.uasset" 384
"G:/Tanki_Onlien/Content/MobileStarterContent/Props/SM_Lamp_Wall.uasset" 385
"G:/Tanki_Onlien/Content/MobileStarterContent/Blueprints/Blueprint_WallSconce.uasset" 386
"G:/Tanki_Onlien/Content/MobileStarterContent/Maps/StarterMap_BuiltData.uasset" 387
"G:/Tanki_Onlien/Content/MobileStarterContent/Textures/T_Brick_Clay_Beveled_D.uasset" 388
"G:/Tanki_Onlien/Content/MobileStarterContent/Textures/T_Brick_Clay_Beveled_M.uasset" 389
"G:/Tanki_Onlien/Content/MobileStarterContent/Textures/T_Brick_Clay_Beveled_N.uasset" 390
"G:/Tanki_Onlien/Content/MobileStarterContent/Materials/M_Brick_Clay_Beveled.uasset" 391
"G:/Tanki_Onlien/Content/MobileStarterContent/Textures/T_Brick_Clay_New_D.uasset" 392
"G:/Tanki_Onlien/Content/MobileStarterContent/Textures/T_Brick_Clay_New_M.uasset" 393
"G:/Tanki_Onlien/Content/MobileStarterContent/Textures/T_Brick_Clay_New_N.uasset" 394
"G:/Tanki_Onlien/Content/MobileStarterContent/Materials/M_Brick_Clay_New.uasset" 395
"G:/Tanki_Onlien/Content/MobileStarterContent/Textures/T_Brick_Clay_Old_D.uasset" 396
"G:/Tanki_Onlien/Content/MobileStarterContent/Textures/T_Brick_Clay_Old_N.uasset" 397
"G:/Tanki_Onlien/Content/MobileStarterContent/Materials/M_Brick_Clay_Old.uasset" 398
"G:/Tanki_Onlien/Content/MobileStarterContent/Textures/T_Brick_Cut_Stone_D.uasset" 399
"G:/Tanki_Onlien/Content/MobileStarterContent/Textures/T_Brick_Cut_Stone_N.uasset" 400
"G:/Tanki_Onlien/Content/MobileStarterContent/Materials/M_Brick_Cut_Stone.uasset" 401
"G:/Tanki_Onlien/Content/MobileStarterContent/Textures/T_Brick_Hewn_Stone_D.uasset" 402
"G:/Tanki_Onlien/Content/MobileStarterContent/Textures/T_Brick_Hewn_Stone_M.uasset" 403
"G:/Tanki_Onlien/Content/MobileStarterContent/Textures/T_Brick_Hewn_Stone_N.uasset" 404
"G:/Tanki_Onlien/Content/MobileStarterContent/Materials/M_Brick_Hewn_Stone.uasset" 405
"G:/Tanki_Onlien/Content/MobileStarterContent/Textures/T_Ceramic_Tile_M.uasset" 406
"G:/Tanki_Onlien/Content/MobileStarterContent/Textures/T_Ceramic_Tile_N.uasset" 407
"G:/Tanki_Onlien/Content/MobileStarterContent/Textures/T_Rock_Marble_Polished_D.uasset" 408
"G:/Tanki_Onlien/Content/MobileStarterContent/Materials/M_Ceramic_Tile_Checker.uasset" 409
"G:/Tanki_Onlien/Content/MobileStarterContent/Materials/M_CobbleStone_Pebble.uasset" 410
"G:/Tanki_Onlien/Content/MobileStarterContent/Textures/T_CobbleStone_Rough_D.uasset" 411
"G:/Tanki_Onlien/Content/MobileStarterContent/Textures/T_CobbleStone_Rough_N.uasset" 412
"G:/Tanki_Onlien/Content/MobileStarterContent/Materials/M_CobbleStone_Rough.uasset" 413
"G:/Tanki_Onlien/Content/MobileStarterContent/Textures/T_CobbleStone_Smooth_D.uasset" 414
"G:/Tanki_Onlien/Content/MobileStarterContent/Textures/T_CobbleStone_Smooth_M.uasset" 415
"G:/Tanki_Onlien/Content/MobileStarterContent/Textures/T_CobbleStone_Smooth_N.uasset" 416
"G:/Tanki_Onlien/Content/MobileStarterContent/Materials/M_CobbleStone_Smooth.uasset" 417
"G:/Tanki_Onlien/Content/MobileStarterContent/Textures/T_Concrete_Grime_D.uasset" 418
"G:/Tanki_Onlien/Content/MobileStarterContent/Materials/M_Concrete_Grime.uasset" 419
"G:/Tanki_Onlien/Content/MobileStarterContent/Textures/T_Concrete_Panels_D.uasset" 420
"G:/Tanki_Onlien/Content/MobileStarterContent/Textures/T_Concrete_Panels_N.uasset" 421
"G:/Tanki_Onlien/Content/MobileStarterContent/Materials/M_Concrete_Panels.uasset" 422
"G:/Tanki_Onlien/Content/MobileStarterContent/Textures/T_Concrete_Poured_D.uasset" 423
"G:/Tanki_Onlien/Content/MobileStarterContent/Textures/T_Concrete_Poured_N.uasset" 424
"G:/Tanki_Onlien/Content/MobileStarterContent/Materials/M_Concrete_Poured.uasset" 425
"G:/Tanki_Onlien/Content/MobileStarterContent/Textures/T_Concrete_Tiles_D.uasset" 426
"G:/Tanki_Onlien/Content/MobileStarterContent/Textures/T_Concrete_Tiles_M.uasset" 427
"G:/Tanki_Onlien/Content/MobileStarterContent/Textures/T_Concrete_Tiles_N.uasset" 428
"G:/Tanki_Onlien/Content/MobileStarterContent/Materials/M_Concrete_Tiles.uasset" 429
"G:/Tanki_Onlien/Content/MobileStarterContent/Materials/M_Ground_Grass.uasset" 430
"G:/Tanki_Onlien/Content/MobileStarterContent/Materials/M_Ground_Gravel.uasset" 431
"G:/Tanki_Onlien/Content/MobileStarterContent/Textures/T_ground_Moss_D.uasset" 432
"G:/Tanki_Onlien/Content/MobileStarterContent/Textures/T_Ground_Moss_N.uasset" 433
"G:/Tanki_Onlien/Content/MobileStarterContent/Materials/M_Ground_Moss.uasset" 434
"G:/Tanki_Onlien/Content/MobileStarterContent/Textures/T_MacroVariation.uasset" 435
"G:/Tanki_Onlien/Content/MobileStarterContent/Materials/M_Metal_Brushed_Nickel.uasset" 436
"G:/Tanki_Onlien/Content/MobileStarterContent/Textures/T_Metal_Aluminum_D.uasset" 437
"G:/Tanki_Onlien/Content/MobileStarterContent/Materials/M_Metal_Burnished_Steel.uasset" 438
"G:/Tanki_Onlien/Content/MobileStarterContent/Materials/M_Metal_Chrome.uasset" 439
"G:/Tanki_Onlien/Content/MobileStarterContent/Textures/T_Metal_Copper_D.uasset" 440
"G:/Tanki_Onlien/Content/MobileStarterContent/Materials/M_Metal_Copper.uasset" 441
"G:/Tanki_Onlien/Content/MobileStarterContent/Textures/T_Rock_Basalt_N.uasset" 442
"G:/Tanki_Onlien/Content/MobileStarterContent/Materials/M_Rock_Basalt.uasset" 443
"G:/Tanki_Onlien/Content/MobileStarterContent/Materials/M_Rock_Marble_Polished.uasset" 444
"G:/Tanki_Onlien/Content/MobileStarterContent/Materials/M_Rock_Sandstone.uasset" 445
"G:/Tanki_Onlien/Content/MobileStarterContent/Materials/M_Rock_Slate.uasset" 446
"G:/Tanki_Onlien/Content/MobileStarterContent/Textures/T_Checker_Noise_M.uasset" 447
"G:/Tanki_Onlien/Content/MobileStarterContent/Textures/T_Single_Tile_N.uasset" 448
"G:/Tanki_Onlien/Content/MobileStarterContent/Textures/T_Tech_Dot_M.uasset" 449
"G:/Tanki_Onlien/Content/MobileStarterContent/Textures/T_Tech_Dot_N.uasset" 450
"G:/Tanki_Onlien/Content/MobileStarterContent/Materials/M_Tech_Checker_Dot.uasset" 451
"G:/Tanki_Onlien/Content/MobileStarterContent/Textures/T_Tech_Hex_Tile_M.uasset" 452
"G:/Tanki_Onlien/Content/MobileStarterContent/Textures/T_Tech_Hex_Tile_N.uasset" 453
"G:/Tanki_Onlien/Content/MobileStarterContent/Materials/M_Tech_Hex_Tile.uasset" 454
"G:/Tanki_Onlien/Content/MobileStarterContent/Materials/M_Tech_Hex_Tile_Pulse.uasset" 455
"G:/Tanki_Onlien/Content/MobileStarterContent/Textures/T_Tech_Panel_M.uasset" 456
"G:/Tanki_Onlien/Content/MobileStarterContent/Textures/T_Tech_Panel_N.uasset" 457
"G:/Tanki_Onlien/Content/MobileStarterContent/Materials/M_Tech_Panel.uasset" 458
"G:/Tanki_Onlien/Content/MobileStarterContent/Textures/T_Water_N.uasset" 459
"G:/Tanki_Onlien/Content/MobileStarterContent/Materials/M_Water_Lake.uasset" 460
"../../../Engine/Content/Functions/Engine_MaterialFunctions02/Utility/BlendAngleCorrectedNormals.uasset" 461
"G:/Tanki_Onlien/Content/MobileStarterContent/Textures/T_Water_M.uasset" 462
"G:/Tanki_Onlien/Content/MobileStarterContent/Materials/M_Water_Ocean.uasset" 463
"G:/Tanki_Onlien/Content/MobileStarterContent/Textures/T_Wood_Floor_Walnut_D.uasset" 464
"G:/Tanki_Onlien/Content/MobileStarterContent/Textures/T_Wood_Floor_Walnut_M.uasset" 465
"G:/Tanki_Onlien/Content/MobileStarterContent/Textures/T_Wood_Floor_Walnut_N.uasset" 466
"G:/Tanki_Onlien/Content/MobileStarterContent/Materials/M_Wood_Floor_Walnut_Polished.uasset" 467
"G:/Tanki_Onlien/Content/MobileStarterContent/Materials/M_Wood_Floor_Walnut_Worn.uasset" 468
"G:/Tanki_Onlien/Content/MobileStarterContent/Textures/T_Wood_Oak_D.uasset" 469
"G:/Tanki_Onlien/Content/MobileStarterContent/Textures/T_Wood_Oak_N.uasset" 470
"G:/Tanki_Onlien/Content/MobileStarterContent/Materials/M_Wood_Oak.uasset" 471
"G:/Tanki_Onlien/Content/MobileStarterContent/Textures/T_Wood_Pine_D.uasset" 472
"G:/Tanki_Onlien/Content/MobileStarterContent/Textures/T_Wood_Pine_N.uasset" 473
"G:/Tanki_Onlien/Content/MobileStarterContent/Materials/M_Wood_Pine.uasset" 474
"G:/Tanki_Onlien/Content/MobileStarterContent/Textures/T_Wood_Walnut_D.uasset" 475
"G:/Tanki_Onlien/Content/MobileStarterContent/Textures/T_Wood_Walnut_N.uasset" 476
"G:/Tanki_Onlien/Content/MobileStarterContent/Materials/M_Wood_Walnut.uasset" 477
"G:/Tanki_Onlien/Content/MobileStarterContent/Architecture/Wall_400x200.uasset" 478
"G:/Tanki_Onlien/Content/MobileStarterContent/Architecture/Wall_Door_400x300.uasset" 479
"G:/Tanki_Onlien/Content/MobileStarterContent/Architecture/Wall_Window_400x300.uasset" 480
"G:/Tanki_Onlien/Content/MobileStarterContent/Audio/Collapse01.uasset" 481
"G:/Tanki_Onlien/Content/MobileStarterContent/Audio/Collapse02.uasset" 482
"G:/Tanki_Onlien/Content/MobileStarterContent/Audio/Collapse_Cue.uasset" 483
"G:/Tanki_Onlien/Content/MobileStarterContent/Audio/Starter_Birds01.uasset" 484
"G:/Tanki_Onlien/Content/MobileStarterContent/Audio/Starter_Wind05.uasset" 485
"G:/Tanki_Onlien/Content/MobileStarterContent/Audio/Starter_Wind06.uasset" 486
"G:/Tanki_Onlien/Content/MobileStarterContent/Audio/Starter_Background_Cue.uasset" 487
"G:/Tanki_Onlien/Content/MobileStarterContent/Audio/Starter_Music01.uasset" 488
"G:/Tanki_Onlien/Content/MobileStarterContent/Audio/Starter_Music_Cue.uasset" 489
"G:/Tanki_Onlien/Content/MobileStarterContent/Textures/T_Dust_Particle_D.uasset" 490
"G:/Tanki_Onlien/Content/MobileStarterContent/Particles/Materials/M_Dust_Particle.uasset" 491
"G:/Tanki_Onlien/Content/MobileStarterContent/Particles/P_Ambient_Dust.uasset" 492
"G:/Tanki_Onlien/Content/MobileStarterContent/Props/MaterialSphere.uasset" 493
"G:/Tanki_Onlien/Content/MobileStarterContent/Textures/T_Frame_M.uasset" 494
"G:/Tanki_Onlien/Content/MobileStarterContent/Textures/T_Frame_N.uasset" 495
"G:/Tanki_Onlien/Content/MobileStarterContent/Props/Materials/M_Frame.uasset" 496
"G:/Tanki_Onlien/Content/MobileStarterContent/Props/SM_CornerFrame.uasset" 497
"G:/Tanki_Onlien/Content/MobileStarterContent/Props/SM_DoorFrame.uasset" 498
"G:/Tanki_Onlien/Content/MobileStarterContent/Props/SM_GlassWindow.uasset" 499
"G:/Tanki_Onlien/Content/MobileStarterContent/Props/SM_PillarFrame.uasset" 500
"G:/Tanki_Onlien/Content/MobileStarterContent/Props/SM_PillarFrame300.uasset" 501
"G:/Tanki_Onlien/Content/MobileStarterContent/Props/SM_WindowFrame.uasset" 502
"G:/Tanki_Onlien/Content/MobileStarterContent/Shapes/Shape_QuadPyramid.uasset" 503
"G:/Tanki_Onlien/Content/MobileStarterContent/Shapes/Shape_Sphere.uasset" 504
"G:/Tanki_Onlien/Content/MobileStarterContent/Maps/StarterMap.umap" 505
"../../../Engine/Content/Maps/Entry_BuiltData.uasset" 506
"../../../Engine/Content/Maps/Entry.umap" 507
