"../../../Engine/Content/EditorBlueprintResources/ActorMacros.uasset" 0
"../../../Engine/Content/EditorBlueprintResources/StandardMacros.uasset" 1
"G:/Tanki_Onlien/Content/StarterContent/Textures/T_MacroVariation.uasset" 2
"G:/Tanki_Onlien/Content/StarterContent/Textures/T_Metal_Gold_D.uasset" 3
"G:/Tanki_Onlien/Content/StarterContent/Textures/T_Metal_Gold_N.uasset" 4
"G:/Tanki_Onlien/Content/StarterContent/Materials/M_Metal_Gold.uasset" 5
"../../../Engine/Content/Functions/Engine_MaterialFunctions01/Opacity/CameraDepthFade.uasset" 6
"../../../Engine/Content/EngineMaterials/T_Default_Material_Grid_M.uasset" 7
"../../../Engine/Content/EngineMaterials/T_Default_Material_Grid_N.uasset" 8
"../../../Engine/Content/EngineMaterials/DefaultMaterial.uasset" 9
"../../../Engine/Content/BasicShapes/Cone.uasset" 10
"../../../Engine/Content/BasicShapes/Cylinder.uasset" 11
"../../../Engine/Content/Functions/Engine_MaterialFunctions01/Shading/ConvertFromDiffSpec.uasset" 12
"../../../Engine/Content/EngineDebugMaterials/VertexColorMaterial.uasset" 13
"G:/Tanki_Onlien/Content/Assets/Particles/Snaryad.uasset" 14
"G:/Tanki_Onlien/Content/StarterContent/Textures/T_Burst_M.uasset" 15
"G:/Tanki_Onlien/Content/StarterContent/Particles/Materials/M_Burst.uasset" 16
"G:/Tanki_Onlien/Content/StarterContent/Textures/T_Explosion_SubUV.uasset" 17
"G:/Tanki_Onlien/Content/StarterContent/Particles/Materials/M_explosion_subUV.uasset" 18
"G:/Tanki_Onlien/Content/StarterContent/Particles/Materials/m_flare_01.uasset" 19
"../../../Engine/Content/Functions/Engine_MaterialFunctions01/Gradient/RadialGradient.uasset" 20
"G:/Tanki_Onlien/Content/StarterContent/Particles/Materials/M_radial_ramp.uasset" 21
"G:/Tanki_Onlien/Content/StarterContent/Textures/T_Smoke_SubUV.uasset" 22
"G:/Tanki_Onlien/Content/StarterContent/Textures/T_Smoke_Tiled_D.uasset" 23
"G:/Tanki_Onlien/Content/StarterContent/Particles/Materials/M_smoke_subUV.uasset" 24
"G:/Tanki_Onlien/Content/StarterContent/Particles/P_Explosion.uasset" 25
"G:/Tanki_Onlien/Content/Blueprints/Tanks/snaryad.uasset" 26
"G:/Tanki_Onlien/Content/Blueprints/UI/MainHud.uasset" 27
"../../../Engine/Content/EngineFonts/RobotoDistanceField.uasset" 28
"../../../Engine/Content/ArtTools/RenderToTexture/Materials/M_UnlitText_01.uasset" 29
"../../../Engine/Content/Functions/Engine_MaterialFunctions02/Utility/BlendAngleCorrectedNormals.uasset" 30
"G:/Tanki_Onlien/Content/StarterContent/Textures/T_Metal_Rust_D.uasset" 31
"G:/Tanki_Onlien/Content/StarterContent/Textures/T_Metal_Rust_N.uasset" 32
"G:/Tanki_Onlien/Content/StarterContent/Materials/M_Metal_Rust.uasset" 33
"../../../Engine/Content/EditorMaterials/Anchor.uasset" 34
"G:/Tanki_Onlien/Content/Blueprints/UI/Scope.uasset" 35
"../../../Engine/Content/MobileResources/HUD/AnalogHat.uasset" 36
"G:/Tanki_Onlien/Content/Assets/Materials/dim_material.uasset" 37
"G:/Tanki_Onlien/Content/Assets/Particles/dim.uasset" 38
"G:/Tanki_Onlien/Content/StarterContent/Textures/T_Metal_Steel_N.uasset" 39
"G:/Tanki_Onlien/Content/Assets/Materials/Tank_metal.uasset" 40
"G:/Tanki_Onlien/Content/Blueprints/Tanks/Meshes/bashnya.uasset" 41
"G:/Tanki_Onlien/Content/Blueprints/Tanks/Meshes/pushka.uasset" 42
"../../../Engine/Content/EditorMeshes/ColorCalibrator/M_ClearCoatBlack.uasset" 43
"G:/Tanki_Onlien/Content/Assets/Materials/Tank_wheel.uasset" 44
"../../../Engine/Content/Engine_MI_Shaders/T_Reflection.uasset" 45
"../../../Engine/Content/Engine_MI_Shaders/M_Shader_SimpleTranslucent.uasset" 46
"../../../Engine/Content/Engine_MI_Shaders/T_Emissive.uasset" 47
"../../../Engine/Content/Engine_MI_Shaders/Instances/M_Shader_SimpleTranslucent_Invis.uasset" 48
"G:/Tanki_Onlien/Content/Blueprints/Tanks/tank.uasset" 49
"G:/Tanki_Onlien/Content/Blueprints/Tanks/tank_wheels.uasset" 50
"G:/Tanki_Onlien/Content/Blueprints/Tanks/Meshes/tank_PhysicsAsset.uasset" 51
"G:/Tanki_Onlien/Content/Blueprints/Tanks/Meshes/tank_Skeleton.uasset" 52
"G:/Tanki_Onlien/Content/Blueprints/Tanks/Meshes/tank.uasset" 53
"G:/Tanki_Onlien/Content/StarterContent/Textures/T_Fire_SubUV.uasset" 54
"G:/Tanki_Onlien/Content/StarterContent/Textures/T_Fire_Tiled_D.uasset" 55
"G:/Tanki_Onlien/Content/StarterContent/Particles/Materials/M_Fire_SubUV.uasset" 56
"G:/Tanki_Onlien/Content/StarterContent/Textures/T_Water_N.uasset" 57
"G:/Tanki_Onlien/Content/StarterContent/Particles/Materials/M_Heat_Distortion.uasset" 58
"G:/Tanki_Onlien/Content/StarterContent/Particles/Materials/M_Radial_Gradient.uasset" 59
"G:/Tanki_Onlien/Content/StarterContent/Particles/P_Fire.uasset" 60
"G:/Tanki_Onlien/Content/Blueprints/Tanks/Tank1.uasset" 61
"G:/Tanki_Onlien/Content/Blueprints/spectator.uasset" 62
"G:/Tanki_Onlien/Content/Blueprints/Tank_gamemode.uasset" 63
"../../../Engine/Content/Animation/DefaultAnimCurveCompressionSettings.uasset" 64
"../../../Engine/Content/EngineMaterials/WorldGridMaterial.uasset" 65
"../../../Engine/Content/ArtTools/RenderToTexture/Meshes/S_1_Unit_Plane.uasset" 66
"../../../Engine/Content/BasicShapes/Cube.uasset" 67
"../../../Engine/Content/BasicShapes/Plane.uasset" 68
"../../../Engine/Content/BasicShapes/Sphere.uasset" 69
"../../../Engine/Content/EditorLandscapeResources/DataLayer.uasset" 70
"../../../Engine/Content/EditorMaterials/CASC_Curve_2.uasset" 71
"../../../Engine/Content/EditorMaterials/CASC_ModuleEnab_2.uasset" 72
"../../../Engine/Content/EditorMaterials/GreyCheck.uasset" 73
"../../../Engine/Content/EditorMaterials/CheckMaterial.uasset" 74
"../../../Engine/Content/EditorMaterials/Cross.uasset" 75
"../../../Engine/Content/EditorMaterials/Cross_Mat.uasset" 76
"../../../Engine/Content/EditorMaterials/Frac_ElementMaterial.uasset" 77
"../../../Engine/Content/EditorMaterials/GizmoMaterial.uasset" 78
"../../../Engine/Content/Functions/Engine_MaterialFunctions02/ExampleContent/Textures/flipbook.uasset" 79
"../../../Engine/Content/Functions/Engine_MaterialFunctions02/Texturing/FlipBook.uasset" 80
"../../../Engine/Content/Functions/Engine_MaterialFunctions02/Utility/Sign.uasset" 81
"../../../Engine/Content/Functions/Engine_MaterialFunctions02/Utility/Round.uasset" 82
"../../../Engine/Content/EditorResources/T_EditorHelp.uasset" 83
"../../../Engine/Content/EditorMaterials/HelpActorMaterial.uasset" 84
"../../../Engine/Content/EditorMaterials/CompositeARGBLayer.uasset" 85
"../../../Engine/Content/EditorMaterials/TilingAALineIntegral.uasset" 86
"../../../Engine/Content/EditorMaterials/TilingAALineBoxFiltered.uasset" 87
"../../../Engine/Content/Functions/Engine_MaterialFunctions03/Procedurals/ComputeFilterWidth.uasset" 88
"../../../Engine/Content/EditorMaterials/TilingAADots.uasset" 89
"../../../Engine/Content/EngineMaterials/BlendFunc_DefBase.uasset" 90
"../../../Engine/Content/EngineMaterials/BlendFunc_DefBlend.uasset" 91
"../../../Engine/Content/Functions/Engine_MaterialFunctions03/Blends/Blend_Screen.uasset" 92
"../../../Engine/Content/EditorMaterials/TilingAAGrid.uasset" 93
"../../../Engine/Content/EditorMaterials/LevelGridMaterial.uasset" 94
"../../../Engine/Content/EditorMaterials/MakeCompositeARGBLayer.uasset" 95
"../../../Engine/Content/EditorResources/LevelGrid1DStripes.uasset" 96
"../../../Engine/Content/EditorMaterials/TextureGridCascaded1D.uasset" 97
"../../../Engine/Content/EditorMaterials/TextureGridCascaded2D.uasset" 98
"../../../Engine/Content/EditorMaterials/LevelGridMaterial2.uasset" 99
"../../../Engine/Content/EditorMaterials/FakeLight.uasset" 100
"../../../Engine/Content/EditorMaterials/LevelTransformMaterial.uasset" 101
"../../../Engine/Content/EditorMaterials/MatineeGreyGrad.uasset" 102
"../../../Engine/Content/EditorMaterials/AntialiasedGridFloor.uasset" 103
"../../../Engine/Content/EditorResources/TilePatine_D.uasset" 104
"../../../Engine/Content/EditorResources/TilePatine_N.uasset" 105
"../../../Engine/Content/EngineMaterials/Grid.uasset" 106
"../../../Engine/Content/EditorMaterials/PersonaFloorMat.uasset" 107
"../../../Engine/Content/MapTemplates/Sky/DaylightAmbientCubemap.uasset" 108
"../../../Engine/Content/EditorMaterials/PersonaSky.uasset" 109
"../../../Engine/Content/EditorMaterials/PhAT_BoneSelectedMaterial.uasset" 110
"../../../Engine/Content/EditorMaterials/PhAT_ElemSelectedMaterial.uasset" 111
"../../../Engine/Content/Functions/Engine_MaterialFunctions02/WorldPositionOffset/CameraOffset.uasset" 112
"../../../Engine/Content/EngineMaterials/PhAT_JointLimitMaterial.uasset" 113
"../../../Engine/Content/EditorMaterials/PhAT_JointLimitMaterial.uasset" 114
"../../../Engine/Content/EditorMaterials/PhAT_NoCollisionMaterial.uasset" 115
"../../../Engine/Content/EditorMaterials/PhAT_UnselectedMaterial.uasset" 116
"../../../Engine/Content/EditorMaterials/PreviewShadowIndicator.uasset" 117
"../../../Engine/Content/EditorMaterials/PreviewShadowIndicatorMaterial.uasset" 118
"../../../Engine/Content/EditorMaterials/TargetIcon.uasset" 119
"../../../Engine/Content/EditorMaterials/TargetIconSpawn.uasset" 120
"../../../Engine/Content/EditorResources/MaterialBackdrop.uasset" 121
"../../../Engine/Content/EditorMaterials/ThumbnailBack.uasset" 122
"../../../Engine/Content/EditorMaterials/ThumbnailSolid.uasset" 123
"../../../Engine/Content/EditorMaterials/ThumbnailSolid_MATInst.uasset" 124
"../../../Engine/Content/EditorMaterials/Tick.uasset" 125
"../../../Engine/Content/EditorMaterials/Tick_Mat.uasset" 126
"../../../Engine/Content/EditorMaterials/TreeArrow_Collapsed.uasset" 127
"../../../Engine/Content/EditorMaterials/TreeArrow_Expanded.uasset" 128
"../../../Engine/Content/EditorMaterials/TreeArrow_ExpandedRealtimePreview.uasset" 129
"../../../Engine/Content/EditorMaterials/T_1x1_Grid.uasset" 130
"../../../Engine/Content/EditorMaterials/UnrealEdIcons.uasset" 131
"../../../Engine/Content/EditorMaterials/WidgetGridVertexColorMaterial.uasset" 132
"../../../Engine/Content/EditorMaterials/WidgetGridVertexColorMaterial_Ma.uasset" 133
"../../../Engine/Content/EditorMaterials/WidgetMaterial.uasset" 134
"../../../Engine/Content/EditorMaterials/WidgetMaterial_Current.uasset" 135
"../../../Engine/Content/EditorMaterials/WidgetMaterial_X.uasset" 136
"../../../Engine/Content/EditorMaterials/WidgetMaterial_Y.uasset" 137
"../../../Engine/Content/EditorMaterials/WidgetMaterial_Z.uasset" 138
"../../../Engine/Content/EditorMaterials/WidgetVertexColorMaterial.uasset" 139
"../../../Engine/Content/EditorMaterials/AssetViewer/EpicQuadPanorama_CC+EV1.uasset" 140
"../../../Engine/Content/MapTemplates/Sky/SunsetAmbientCubemap.uasset" 141
"../../../Engine/Content/EditorMaterials/AssetViewer/M_SkyBox.uasset" 142
"../../../Engine/Content/EditorMaterials/Cascade/CASC_BackgroundCube_MAT.uasset" 143
"../../../Engine/Content/EditorMaterials/Cascade/CASC_BackgroundCube_MATInst.uasset" 144
"../../../Engine/Content/EditorMaterials/Cascade/CASC_CurveEd.uasset" 145
"../../../Engine/Content/EditorMaterials/Cascade/CASC_CurveEd_MAT.uasset" 146
"../../../Engine/Content/EditorMaterials/Cascade/CASC_DisabledModule.uasset" 147
"../../../Engine/Content/EditorMaterials/Cascade/CASC_ModuleDisable.uasset" 148
"../../../Engine/Content/EditorMaterials/Cascade/CASC_ModuleDisable_MAT.uasset" 149
"../../../Engine/Content/EditorMaterials/Cascade/CASC_ModuleEnable.uasset" 150
"../../../Engine/Content/EditorMaterials/Cascade/CASC_ModuleEnable_MAT.uasset" 151
"../../../Engine/Content/EditorMaterials/Cascade/CASC_Cross.uasset" 152
"../../../Engine/Content/EditorMaterials/Cascade/CASC_RenderCross_MAT.uasset" 153
"../../../Engine/Content/EditorMaterials/Cascade/CASC_Lights.uasset" 154
"../../../Engine/Content/EditorMaterials/Cascade/CASC_RenderLights_MAT.uasset" 155
"../../../Engine/Content/EditorMaterials/Cascade/CASC_None.uasset" 156
"../../../Engine/Content/EditorMaterials/Cascade/CASC_RenderNone_MAT.uasset" 157
"../../../Engine/Content/EditorMaterials/Cascade/CASC_Normal.uasset" 158
"../../../Engine/Content/EditorMaterials/Cascade/CASC_RenderNormal_MAT.uasset" 159
"../../../Engine/Content/EditorMaterials/Cascade/CASC_Point.uasset" 160
"../../../Engine/Content/EditorMaterials/Cascade/CASC_RenderPoint_MAT.uasset" 161
"../../../Engine/Content/EditorMaterials/Cascade/CASC_Solo_Off.uasset" 162
"../../../Engine/Content/EditorMaterials/Cascade/CASC_Solo_On.uasset" 163
"../../../Engine/Content/EditorMaterials/Matinee/MAT_EnableTrack_Mat.uasset" 164
"../../../Engine/Content/EditorMaterials/MatineeGroups/MAT_ColorTrack.uasset" 165
"../../../Engine/Content/EditorMaterials/MatineeGroups/MAT_ColorTrack_Mat.uasset" 166
"../../../Engine/Content/EditorMaterials/MatineeGroups/MAT_Groups_Anim.uasset" 167
"../../../Engine/Content/EditorMaterials/MatineeGroups/MAT_Groups_Anim_Mat.uasset" 168
"../../../Engine/Content/EditorMaterials/MatineeGroups/MAT_Groups_AudioMaster.uasset" 169
"../../../Engine/Content/EditorMaterials/MatineeGroups/MAT_Groups_AudioMaster_Mat.uasset" 170
"../../../Engine/Content/EditorMaterials/MatineeGroups/MAT_Groups_Director.uasset" 171
"../../../Engine/Content/EditorMaterials/MatineeGroups/MAT_Groups_Director_Mat.uasset" 172
"../../../Engine/Content/EditorMaterials/MatineeGroups/MAT_Groups_Event.uasset" 173
"../../../Engine/Content/EditorMaterials/MatineeGroups/MAT_Groups_Event_Mat.uasset" 174
"../../../Engine/Content/EditorMaterials/MatineeGroups/MAT_Groups_Fade.uasset" 175
"../../../Engine/Content/EditorMaterials/MatineeGroups/MAT_Groups_Fade_Mat.uasset" 176
"../../../Engine/Content/EditorMaterials/MatineeGroups/MAT_Groups_Float.uasset" 177
"../../../Engine/Content/EditorMaterials/MatineeGroups/MAT_Groups_Float_Mat.uasset" 178
"../../../Engine/Content/EditorMaterials/MatineeGroups/MAT_Groups_Graph_Off.uasset" 179
"../../../Engine/Content/EditorMaterials/MatineeGroups/MAT_Groups_Graph_Off_Mat.uasset" 180
"../../../Engine/Content/EditorMaterials/MatineeGroups/MAT_Groups_Graph_On.uasset" 181
"../../../Engine/Content/EditorMaterials/MatineeGroups/MAT_Groups_Graph_On_Mat.uasset" 182
"../../../Engine/Content/EditorMaterials/MatineeGroups/MAT_Groups_Left_Off.uasset" 183
"../../../Engine/Content/EditorMaterials/MatineeGroups/MAT_Groups_Left_Off_Mat.uasset" 184
"../../../Engine/Content/EditorMaterials/MatineeGroups/MAT_Groups_Left_On.uasset" 185
"../../../Engine/Content/EditorMaterials/MatineeGroups/MAT_Groups_Left_On_Mat.uasset" 186
"../../../Engine/Content/EditorMaterials/MatineeGroups/MAT_Groups_Move.uasset" 187
"../../../Engine/Content/EditorMaterials/MatineeGroups/MAT_Groups_Move_Mat.uasset" 188
"../../../Engine/Content/EditorMaterials/MAT_Groups_ParticleReplay.uasset" 189
"../../../Engine/Content/EditorMaterials/MatineeGroups/MAT_Groups_ParticleReplay_Mat.uasset" 190
"../../../Engine/Content/EditorMaterials/MatineeGroups/MAT_Groups_Right_Off.uasset" 191
"../../../Engine/Content/EditorMaterials/MatineeGroups/MAT_Groups_Right_Off_Mat.uasset" 192
"../../../Engine/Content/EditorMaterials/MatineeGroups/MAT_Groups_Right_On.uasset" 193
"../../../Engine/Content/EditorMaterials/MatineeGroups/MAT_Groups_Right_On_Mat.uasset" 194
"../../../Engine/Content/EditorMaterials/MatineeGroups/MAT_Groups_Slomo.uasset" 195
"../../../Engine/Content/EditorMaterials/MatineeGroups/MAT_Groups_Slomo_Mat.uasset" 196
"../../../Engine/Content/EditorMaterials/MatineeGroups/MAT_Groups_Sound.uasset" 197
"../../../Engine/Content/EditorMaterials/MatineeGroups/MAT_Groups_Sound_Mat.uasset" 198
"../../../Engine/Content/EditorMaterials/MAT_Groups_Toggle.uasset" 199
"../../../Engine/Content/EditorMaterials/MatineeGroups/MAT_Groups_Toggle_Mat.uasset" 200
"../../../Engine/Content/EditorMaterials/MatineeGroups/MAT_Groups_Trajectory_Off_Mat.uasset" 201
"../../../Engine/Content/EditorMaterials/MatineeGroups/MAT_Groups_Trajectory_On_Mat.uasset" 202
"../../../Engine/Content/EditorMaterials/MatineeGroups/MAT_Groups_Vector.uasset" 203
"../../../Engine/Content/EditorMaterials/MatineeGroups/MAT_Groups_Vector_Mat.uasset" 204
"../../../Engine/Content/EditorMaterials/MatineeGroups/MAT_Groups_View_Off.uasset" 205
"../../../Engine/Content/EditorMaterials/MatineeGroups/MAT_Groups_View_Off_Mat.uasset" 206
"../../../Engine/Content/EditorMaterials/MatineeGroups/MAT_Groups_View_On.uasset" 207
"../../../Engine/Content/EditorMaterials/MatineeGroups/MAT_Groups_View_On_Mat.uasset" 208
"../../../Engine/Content/EditorMaterials/MAT_Groups_Visibility.uasset" 209
"../../../Engine/Content/EditorMaterials/MatineeGroups/MAT_Groups_Visibility_Mat.uasset" 210
"../../../Engine/Content/EditorMaterials/ParticleSystems/PSysThumbnail_NoImage.uasset" 211
"../../../Engine/Content/EditorMaterials/ParticleSystems/PSysThumbnail_OOD.uasset" 212
"../../../Engine/Content/EditorMaterials/Thumbnails/FloorPlaneMaterial.uasset" 213
"../../../Engine/Content/EngineMaterials/DefaultDiffuse.uasset" 214
"../../../Engine/Content/EditorMaterials/Utilities/ImageReflectionPreview.uasset" 215
"../../../Engine/Content/EditorMaterials/Utilities/LinearColorPicker_MAT.uasset" 216
"../../../Engine/Content/EditorMaterials/Utilities/LinearColorPicker_MATInst.uasset" 217
"../../../Engine/Content/EditorMeshes/AnimTreeEd_PreviewFloor.uasset" 218
"../../../Engine/Content/EditorMeshes/ArcadeEditorSphere.uasset" 219
"../../../Engine/Content/EditorMeshes/Axis_Guide.uasset" 220
"../../../Engine/Content/EditorMeshes/EditorCube.uasset" 221
"../../../Engine/Content/EditorMeshes/EditorCylinder.uasset" 222
"../../../Engine/Content/EditorMaterials/HelpFlatColour.uasset" 223
"../../../Engine/Content/EditorMaterials/HelpFlatColour_Blk_Inst.uasset" 224
"../../../Engine/Content/EditorMaterials/HelpFlatColour_W_Inst.uasset" 225
"../../../Engine/Content/EditorMeshes/EditorHelp.uasset" 226
"../../../Engine/Content/EditorMeshes/EditorPlane.uasset" 227
"../../../Engine/Content/EditorMaterials/Thumbnails/SkySphereMaterial.uasset" 228
"../../../Engine/Content/EditorMeshes/EditorSkySphere.uasset" 229
"../../../Engine/Content/EditorMeshes/EditorSphere.uasset" 230
"../../../Engine/Content/EditorResources/MatineeCam_D.uasset" 231
"../../../Engine/Content/EditorMaterials/MatineeCam_mat.uasset" 232
"../../../Engine/Content/EditorMeshes/MatineeCam_SM.uasset" 233
"../../../Engine/Content/EditorMaterials/GridMaterial.uasset" 234
"../../../Engine/Content/EditorMeshes/PhAT_FloorBox.uasset" 235
"../../../Engine/Content/EditorMeshes/PlanarReflectionPlane.uasset" 236
"../../../Engine/Content/EditorMeshes/AssetViewer/Floor_Mesh.uasset" 237
"../../../Engine/Content/EditorMeshes/AssetViewer/Sphere_inversenormals.uasset" 238
"../../../Engine/Content/EngineDebugMaterials/M_SimpleOpaque.uasset" 239
"../../../Engine/Content/EditorMeshes/Camera/MI_CineCam_Body.uasset" 240
"../../../Engine/Content/EditorMeshes/Camera/MI_CineCam_ViewFinder.uasset" 241
"../../../Engine/Content/EditorMeshes/Camera/MI_CraneRig.uasset" 242
"../../../Engine/Content/EditorMeshes/Camera/MI_RailRig.uasset" 243
"../../../Engine/Content/EditorMaterials/Camera/CineMat.uasset" 244
"../../../Engine/Content/EditorMaterials/Camera/MI_CineMat_CameraBody.uasset" 245
"../../../Engine/Content/EditorMaterials/Camera/MI_CineMat_CamViewFinder.uasset" 246
"../../../Engine/Content/EditorMeshes/Camera/SM_CineCam.uasset" 247
"../../../Engine/Content/EditorMaterials/Camera/MI_CineMat_Rig.uasset" 248
"../../../Engine/Content/EditorMeshes/Camera/SM_CraneRig_Arm.uasset" 249
"../../../Engine/Content/EditorMeshes/Camera/SM_CraneRig_Base.uasset" 250
"../../../Engine/Content/EditorMeshes/Camera/SM_CraneRig_Body.uasset" 251
"../../../Engine/Content/EditorMeshes/Camera/SM_CraneRig_Mount.uasset" 252
"../../../Engine/Content/EditorMeshes/Camera/SM_RailRig_Mount.uasset" 253
"../../../Engine/Content/EditorMeshes/Camera/SM_RailRig_Track.uasset" 254
"../../../Engine/Content/EditorMeshes/Cascade/BackgroundCube.uasset" 255
"../../../Engine/Content/EditorMeshes/ColorCalibrator/Color_checker_8bit.uasset" 256
"../../../Engine/Content/EditorMeshes/ColorCalibrator/M_SkinBall.uasset" 257
"../../../Engine/Content/EditorMeshes/ColorCalibrator/M_ChromeBall.uasset" 258
"../../../Engine/Content/EditorMeshes/ColorCalibrator/M_ClearCoat.uasset" 259
"../../../Engine/Content/EditorMeshes/ColorCalibrator/Color_checker.uasset" 260
"../../../Engine/Content/EditorMeshes/ColorCalibrator/M_ColorGrid.uasset" 261
"../../../Engine/Content/EditorMeshes/ColorCalibrator/M_GreyBall.uasset" 262
"../../../Engine/Content/EditorMeshes/ColorCalibrator/SM_ColorCalibrator.uasset" 263
"../../../Engine/Content/EditorMeshes/ColorCalibrator/T_ColorGrid.uasset" 264
"../../../Engine/Content/EditorMeshes/SkeletalMesh/DefaultSkeletalMesh_Skeleton.uasset" 265
"../../../Engine/Content/EditorMeshes/SkeletalMesh/DefaultSkeletalMesh.uasset" 266
"../../../Engine/Content/EditorResources/BSPVertex.uasset" 267
"../../../Engine/Content/EditorResources/EmptyActor.uasset" 268
"../../../Engine/Content/EditorResources/S_Actor.uasset" 269
"../../../Engine/Content/EditorResources/S_Note.uasset" 270
"../../../Engine/Content/EditorResources/S_Trigger.uasset" 271
"../../../Engine/Content/EditorResources/LightIcons/S_LightError.uasset" 272
"../../../Engine/Content/EditorResources/SequenceRecorder/Countdown.uasset" 273
"../../../Engine/Content/EditorResources/SequenceRecorder/RecordingIndicator.uasset" 274
"../../../Engine/Content/EditorSounds/Notifications/CompileFailed.uasset" 275
"../../../Engine/Content/EditorSounds/Notifications/CompileFailed_Cue.uasset" 276
"../../../Engine/Content/EditorSounds/Notifications/CompileSuccess.uasset" 277
"../../../Engine/Content/EditorSounds/Notifications/CompileStart_Cue.uasset" 278
"../../../Engine/Content/EditorSounds/Notifications/CompileSuccess_Cue.uasset" 279
"../../../Engine/Content/EngineDamageTypes/DmgTypeBP_Environmental.uasset" 280
"../../../Engine/Content/EngineDebugMaterials/BlackUnlitMaterial.uasset" 281
"../../../Engine/Content/EngineDebugMaterials/HeatmapGradient.uasset" 282
"../../../Engine/Content/EngineDebugMaterials/BoneWeightMaterial.uasset" 283
"../../../Engine/Content/EngineDebugMaterials/CASC_Cross.uasset" 284
"../../../Engine/Content/EngineDebugMaterials/CASC_None.uasset" 285
"../../../Engine/Content/EngineDebugMaterials/ClothMaterial.uasset" 286
"../../../Engine/Content/EngineDebugMaterials/ClothMaterial_WF.uasset" 287
"../../../Engine/Content/EngineDebugMaterials/DebugEditorMaterial.uasset" 288
"../../../Engine/Content/EngineDebugMaterials/DebugMeshMaterial.uasset" 289
"../../../Engine/Content/EngineDebugMaterials/DebugMeshMaterialFakeLight.uasset" 290
"../../../Engine/Content/EngineDebugMaterials/GeomMaterial.uasset" 291
"../../../Engine/Content/EngineResources/WhiteSquareTexture.uasset" 292
"../../../Engine/Content/EngineDebugMaterials/HeatmapMaterial.uasset" 293
"../../../Engine/Content/EngineDebugMaterials/LevelColorationLitMaterial.uasset" 294
"../../../Engine/Content/EngineDebugMaterials/LevelColorationUnlitMaterial.uasset" 295
"../../../Engine/Content/EngineMaterials/DefaultNormal.uasset" 296
"../../../Engine/Content/EngineDebugMaterials/LightmapResolutionMaterial.uasset" 297
"../../../Engine/Content/EngineDebugMaterials/MaterialError.uasset" 298
"../../../Engine/Content/EngineDebugMaterials/MaterialError_Mat.uasset" 299
"../../../Engine/Content/EngineMaterials/DefaultWhiteGrid.uasset" 300
"../../../Engine/Content/EngineDebugMaterials/MAT_LevelColorationLitLightmapUV.uasset" 301
"../../../Engine/Content/EngineDebugMaterials/M_SimpleTranslucent.uasset" 302
"../../../Engine/Content/EngineDebugMaterials/ShadedLevelColorationLitMaterial.uasset" 303
"../../../Engine/Content/EngineDebugMaterials/ShadedLevelColorationUnlitMateri.uasset" 304
"../../../Engine/Content/EngineDebugMaterials/TangentColorMap.uasset" 305
"../../../Engine/Content/EngineDebugMaterials/TangentColorMaterial.uasset" 306
"../../../Engine/Content/EngineDebugMaterials/TargetIcon.uasset" 307
"../../../Engine/Content/EngineDebugMaterials/TerrainCollisionMaterial.uasset" 308
"../../../Engine/Content/Functions/Engine_MaterialFunctions01/Shading/PowerToRoughness.uasset" 309
"../../../Engine/Content/Engine_MI_Shaders/T_Normal.uasset" 310
"../../../Engine/Content/EngineDebugMaterials/TexturePaint_2Tex_Color.uasset" 311
"../../../Engine/Content/EngineDebugMaterials/T_1x1_Grid.uasset" 312
"../../../Engine/Content/EngineDebugMaterials/VertexColorViewMode_AlphaAsColor.uasset" 313
"../../../Engine/Content/EngineDebugMaterials/VertexColorViewMode_BlueOnly.uasset" 314
"../../../Engine/Content/EngineDebugMaterials/VertexColorViewMode_ColorOnly.uasset" 315
"../../../Engine/Content/EngineDebugMaterials/VertexColorViewMode_GreenOnly.uasset" 316
"../../../Engine/Content/EngineDebugMaterials/VertexColorViewMode_RedOnly.uasset" 317
"../../../Engine/Content/EngineDebugMaterials/VertexPaint_2Tex_Color.uasset" 318
"../../../Engine/Content/EngineDebugMaterials/VertexPaint_4Tex.uasset" 319
"../../../Engine/Content/EngineDebugMaterials/WireframeMaterial.uasset" 320
"../../../Engine/Content/EngineDebugMaterials/LightingModels/M_TextureDefinedSpecularReflecti.uasset" 321
"../../../Engine/Content/EngineFonts/Faces/RobotoBold.uasset" 322
"../../../Engine/Content/EngineFonts/Faces/RobotoBoldItalic.uasset" 323
"../../../Engine/Content/EngineFonts/Faces/RobotoItalic.uasset" 324
"../../../Engine/Content/EngineFonts/Faces/RobotoLight.uasset" 325
"../../../Engine/Content/EngineFonts/Faces/RobotoRegular.uasset" 326
"../../../Engine/Content/EngineFonts/Roboto.uasset" 327
"../../../Engine/Content/EngineFonts/Faces/RobotoTiny.uasset" 328
"../../../Engine/Content/EngineFonts/RobotoTiny.uasset" 329
"../../../Engine/Content/EngineMaterials/BaseFlattenDiffuseMap.uasset" 330
"../../../Engine/Content/EngineMaterials/BaseFlattenEmissiveMap.uasset" 331
"../../../Engine/Content/EngineMaterials/BaseFlattenGrayscaleMap.uasset" 332
"../../../Engine/Content/EngineMaterials/BaseFlattenNormalMap.uasset" 333
"../../../Engine/Content/EngineMaterials/BaseFlattenMaterial.uasset" 334
"../../../Engine/Content/EngineMaterials/DefaultBloomKernel.uasset" 335
"../../../Engine/Content/EngineMaterials/DefaultBokeh.uasset" 336
"../../../Engine/Content/EngineMaterials/DefaultDeferredDecalMaterial.uasset" 337
"../../../Engine/Content/EngineMaterials/DefaultLightFunctionMaterial.uasset" 338
"../../../Engine/Content/Functions/Engine_MaterialFunctions02/Utility/BreakOutFloat2Components.uasset" 339
"../../../Engine/Content/EngineMaterials/DefaultPostProcessMaterial.uasset" 340
"../../../Engine/Content/EngineMaterials/DefaultTextMaterialOpaque.uasset" 341
"../../../Engine/Content/EngineMaterials/EditorBrushMaterial.uasset" 342
"../../../Engine/Content/EngineMaterials/Good64x64TilingNoiseHighFreq.uasset" 343
"../../../Engine/Content/EngineMaterials/MiniFont.uasset" 344
"../../../Engine/Content/EngineMaterials/InvalidLightmapSettings.uasset" 345
"../../../Engine/Content/EngineMaterials/M_InvalidLightmapSettings.uasset" 346
"../../../Engine/Content/EngineMaterials/PreintegratedSkinBRDF.uasset" 347
"../../../Engine/Content/EngineMaterials/RemoveSurfaceMaterial.uasset" 348
"../../../Engine/Content/EngineMaterials/WeightMapPlaceholderTexture.uasset" 349
"../../../Engine/Content/EngineMaterials/Widget3DPassThrough.uasset" 350
"../../../Engine/Content/EngineMaterials/Widget3DPassThrough_Masked.uasset" 351
"../../../Engine/Content/EngineMaterials/Widget3DPassThrough_Opaque.uasset" 352
"../../../Engine/Content/EngineMaterials/Widget3DPassThrough_Masked_OneSided.uasset" 353
"../../../Engine/Content/EngineMaterials/Widget3DPassThrough_Opaque_OneSided.uasset" 354
"../../../Engine/Content/EngineMaterials/Widget3DPassThrough_Translucent.uasset" 355
"../../../Engine/Content/EngineMaterials/Widget3DPassThrough_Translucent_OneSided.uasset" 356
"../../../Engine/Content/EngineMeshes/Cylinder.uasset" 357
"../../../Engine/Content/EngineMeshes/Sphere.uasset" 358
"../../../Engine/Content/EngineResources/Black.uasset" 359
"../../../Engine/Content/EngineResources/DefaultTexture.uasset" 360
"../../../Engine/Content/EngineResources/DefaultTextureCube.uasset" 361
"../../../Engine/Content/EngineResources/DefaultVolumeTexture2D.uasset" 362
"../../../Engine/Content/EngineResources/DefaultVolumeTexture.uasset" 363
"../../../Engine/Content/EngineResources/GradientTexture0.uasset" 364
"../../../Engine/Content/EngineSounds/Master.uasset" 365
"../../../Engine/Content/Maps/Templates/Thumbnails/Default.uasset" 366
"../../../Engine/Content/Maps/Templates/Thumbnails/VR-Basic.uasset" 367
"../../../Engine/Content/MobileResources/T_MobileControls_texture.uasset" 368
"../../../Engine/Content/MobileResources/T_MobileMenu2.uasset" 369
"../../../Engine/Content/MobileResources/HUD/VirtualJoystick_Background.uasset" 370
"../../../Engine/Content/MobileResources/HUD/VirtualJoystick_Thumb.uasset" 371
"../../../Engine/Content/MobileResources/HUD/DefaultVirtualJoysticks.uasset" 372
"../../../Engine/Content/MobileResources/HUD/LeftVirtualJoystickOnly.uasset" 373
"../../../Engine/Content/MobileResources/HUD/MobileHUDButton1_off.uasset" 374
"../../../Engine/Content/MobileResources/HUD/MobileHUDButton1_on.uasset" 375
"../../../Engine/Content/MobileResources/HUD/MobileHUDButton2_off.uasset" 376
"../../../Engine/Content/MobileResources/HUD/MobileHUDButton2_on.uasset" 377
"../../../Engine/Content/MobileResources/HUD/MobileHUDButton3.uasset" 378
"../../../Engine/Content/MobileResources/HUD/MobileHUDButtonFire.uasset" 379
"../../../Engine/Content/MobileResources/HUD/MobileHUDDirectionPad.uasset" 380
"../../../Engine/Content/MobileResources/HUD/MobileHUDDirectionPad2.uasset" 381
"../../../Engine/Content/MobileResources/HUD/MobileHUDDirectionPad3.uasset" 382
"../../../Engine/Content/MobileResources/HUD/MobileHUDDirectionStick.uasset" 383
"../../../Engine/Content/MobileResources/HUD/T_Castle_ThumbstickInner.uasset" 384
"../../../Engine/Content/MobileResources/HUD/T_Castle_ThumbstickOutter.uasset" 385
"../../../Engine/Content/Tutorial/ContentIntroCurve.uasset" 386
"../../../Engine/Content/Tutorial/Basics/LevelEditorAttract.uasset" 387
"../../../Engine/Content/VREditor/LaserPointer/VR_LaserPower_01.uasset" 388
"../../../Engine/Content/VREditor/TransformGizmo/TransformGizmoMaterial.uasset" 389
"../../../Engine/Content/VREditor/TransformGizmo/TranslucentTransformGizmoMaterial.uasset" 390
"../../../Engine/Content/VREditor/TransformGizmo/BoundingBoxCorner.uasset" 391
"../../../Engine/Content/VREditor/TransformGizmo/BoundingBoxEdge.uasset" 392
"../../../Engine/Content/VREditor/TransformGizmo/PlaneTranslationHandle.uasset" 393
"../../../Engine/Content/VREditor/TransformGizmo/Main.uasset" 394
"../../../Engine/Content/VREditor/TransformGizmo/Xray.uasset" 395
"../../../Engine/Content/VREditor/TransformGizmo/SM_Sequencer_Key.uasset" 396
"../../../Engine/Content/VREditor/TransformGizmo/SM_Sequencer_Node.uasset" 397
"../../Plugins/2D/Paper2D/Content/PlaceholderTextures/DummySpriteTexture.uasset" 398
"../../Plugins/2D/Paper2D/Content/DummySprite.uasset" 399
"../../Plugins/2D/Paper2D/Content/DefaultPaperTerrainMaterial.uasset" 400
"../../Plugins/2D/Paper2D/Content/DummySpriteTexture.uasset" 401
"../../Plugins/2D/Paper2D/Content/DefaultSpriteMaterial.uasset" 402
"../../Plugins/2D/Paper2D/Content/MaskedUnlitSpriteMaterial.uasset" 403
"../../Plugins/2D/Paper2D/Content/OpaqueUnlitSpriteMaterial.uasset" 404
"../../Plugins/Runtime/Oculus/OculusVR/Content/OculusMR_RenderTarget.uasset" 405
"../../../Engine/Content/Functions/Engine_MaterialFunctions02/Utility/BreakOutFloat4Components.uasset" 406
"../../../Engine/Content/Functions/Engine_MaterialFunctions02/Utility/MakeFloat2.uasset" 407
"../../../Engine/Content/Functions/Engine_MaterialFunctions02/Utility/MakeFloat3.uasset" 408
"../../Plugins/Runtime/Oculus/OculusVR/Content/Materials/OculusMR_ChromaKey.uasset" 409
"../../Plugins/Runtime/Oculus/OculusVR/Content/Materials/OculusMR_ChromaKey_Lit.uasset" 410
"../../Plugins/Runtime/Oculus/OculusVR/Content/Materials/OculusMR_OpaqueColoredMaterial.uasset" 411
"../../Plugins/Runtime/Oculus/OculusVR/Content/Materials/OculusMR_WhiteMaterial.uasset" 412
"../../Plugins/Runtime/Oculus/OculusVR/Content/Materials/PokeAHoleMaterial.uasset" 413
"../../Plugins/Runtime/Oculus/OculusVR/Content/Textures/GearVRController_AO.uasset" 414
"../../Plugins/Runtime/Oculus/OculusVR/Content/Textures/GearVRController_Color.uasset" 415
"../../Plugins/Runtime/Oculus/OculusVR/Content/Textures/GearVRController_Normal.uasset" 416
"../../Plugins/Runtime/Oculus/OculusVR/Content/Materials/GearVRControllerMaterial.uasset" 417
"../../Plugins/Runtime/Oculus/OculusVR/Content/Meshes/GearVrController.uasset" 418
"../../Plugins/Runtime/Oculus/OculusVR/Content/Textures/touchController_albedo.uasset" 419
"../../Plugins/Runtime/Oculus/OculusVR/Content/Textures/touchController_controlmap.uasset" 420
"../../Plugins/Runtime/Oculus/OculusVR/Content/Materials/touchController_mat.uasset" 421
"../../Plugins/Runtime/Oculus/OculusVR/Content/Meshes/LeftTouchController.uasset" 422
"../../Plugins/Runtime/Oculus/OculusVR/Content/Meshes/RiftHMD.uasset" 423
"../../Plugins/Runtime/Oculus/OculusVR/Content/Meshes/RightTouchController.uasset" 424
"../../../Engine/Content/EngineSky/C_Sky_Cloud_Color.uasset" 425
"../../../Engine/Content/EngineSky/C_Sky_Horizon_Color.uasset" 426
"../../../Engine/Content/EngineSky/C_Sky_Zenith_Color.uasset" 427
"../../../Engine/Content/EngineSky/T_Sky_Blue.uasset" 428
"../../../Engine/Content/EngineSky/T_Sky_Clouds_M.uasset" 429
"../../../Engine/Content/EngineSky/T_Sky_Stars.uasset" 430
"../../../Engine/Content/EngineSky/M_Sky_Panning_Clouds2.uasset" 431
"../../../Engine/Content/EngineSky/SM_SkySphere.uasset" 432
"../../../Engine/Content/EngineSky/BP_Sky_Sphere.uasset" 433
"G:/Tanki_Onlien/Content/maps/level1_sharedassets/Cobblestone_LayerInfo.uasset" 434
"G:/Tanki_Onlien/Content/maps/level1_sharedassets/Dirt_LayerInfo.uasset" 435
"G:/Tanki_Onlien/Content/maps/level1_sharedassets/Grass_LayerInfo.uasset" 436
"G:/Tanki_Onlien/Content/maps/level1_sharedassets/Rock_LayerInfo.uasset" 437
"G:/Tanki_Onlien/Content/maps/level1_sharedassets/Sand_LayerInfo.uasset" 438
"G:/Tanki_Onlien/Content/maps/level1_BuiltData.uasset" 439
"G:/Tanki_Onlien/Content/StarterContent/Textures/T_CobbleStone_Pebble_D.uasset" 440
"G:/Tanki_Onlien/Content/StarterContent/Textures/T_CobbleStone_Pebble_N.uasset" 441
"G:/Tanki_Onlien/Content/StarterContent/Textures/T_Ground_Gravel_D.uasset" 442
"G:/Tanki_Onlien/Content/StarterContent/Textures/T_Ground_Gravel_N.uasset" 443
"G:/Tanki_Onlien/Content/StarterContent/Textures/T_ground_Moss_D.uasset" 444
"G:/Tanki_Onlien/Content/StarterContent/Textures/T_Ground_Moss_N.uasset" 445
"G:/Tanki_Onlien/Content/StarterContent/Textures/T_Rock_Sandstone_D.uasset" 446
"G:/Tanki_Onlien/Content/StarterContent/Textures/T_Rock_Sandstone_N.uasset" 447
"G:/Tanki_Onlien/Content/StarterContent/Textures/T_Rock_Slate_D.uasset" 448
"G:/Tanki_Onlien/Content/StarterContent/Textures/T_Rock_Slate_N.uasset" 449
"G:/Tanki_Onlien/Content/Assets/Materials/Landscape.uasset" 450
"../../../Engine/Content/EngineMaterials/DefaultPhysicalMaterial.uasset" 451
"G:/Tanki_Onlien/Content/Blueprints/UI/Pre_start.uasset" 452
"G:/Tanki_Onlien/Content/maps/level1.umap" 453
"G:/Tanki_Onlien/Content/Blueprints/UI/Options.uasset" 454
"G:/Tanki_Onlien/Content/Blueprints/UI/Menu.uasset" 455
"G:/Tanki_Onlien/Content/maps/menu.umap" 456
"../../../Engine/Content/Maps/Entry_BuiltData.uasset" 457
"../../../Engine/Content/Maps/Entry.umap" 458
