"G:/Tanki_Onlien/Tanki_Onlien.uproject" 1
"../../../Engine/Plugins/2D/Paper2D/Paper2D.uplugin" 2
"../../../Engine/Plugins/AI/AISupport/AISupport.uplugin" 3
"../../../Engine/Plugins/AI/HTNPlanner/HTNPlanner.uplugin" 4
"../../../Engine/Plugins/Animation/LiveLink/LiveLink.uplugin" 5
"../../../Engine/Plugins/Animation/LiveLinkCurveDebugUI/LiveLinkCurveDebugUI.uplugin" 6
"../../../Engine/Plugins/Blendables/LightPropagationVolume/LightPropagationVolume.uplugin" 7
"../../../Engine/Plugins/Compositing/Composure/Composure.uplugin" 8
"../../../Engine/Plugins/Compositing/LensDistortion/LensDistortion.uplugin" 9
"../../../Engine/Plugins/Compositing/OpenColorIO/OpenColorIO.uplugin" 10
"../../../Engine/Plugins/Compositing/OpenCVLensDistortion/OpenCVLensDistortion.uplugin" 11
"../../../Engine/Plugins/Developer/ActorLayerUtilities/ActorLayerUtilities.uplugin" 12
"../../../Engine/Plugins/Developer/AnimationSharing/AnimationSharing.uplugin" 13
"../../../Engine/Plugins/Developer/BlankPlugin/BlankPlugin.uplugin" 14
"../../../Engine/Plugins/Developer/CLionSourceCodeAccess/CLionSourceCodeAccess.uplugin" 15
"../../../Engine/Plugins/Developer/CodeLiteSourceCodeAccess/CodeLiteSourceCodeAccess.uplugin" 16
"../../../Engine/Plugins/Developer/Concert/ConcertFrontend/ConcertFrontend.uplugin" 17
"../../../Engine/Plugins/Developer/Concert/ConcertMain/ConcertMain.uplugin" 18
"../../../Engine/Plugins/Developer/Concert/ConcertSync/ConcertSyncClient/ConcertSyncClient.uplugin" 19
"../../../Engine/Plugins/Developer/Concert/ConcertSync/ConcertSyncCore/ConcertSyncCore.uplugin" 20
"../../../Engine/Plugins/Developer/Concert/ConcertSync/ConcertSyncServer/ConcertSyncServer.uplugin" 21
"../../../Engine/Plugins/Developer/Concert/ConcertSync/ConcertSyncTest/ConcertSyncTest.uplugin" 22
"../../../Engine/Plugins/Developer/GitSourceControl/GitSourceControl.uplugin" 23
"../../../Engine/Plugins/Developer/KDevelopSourceCodeAccess/KDevelopSourceCodeAccess.uplugin" 24
"../../../Engine/Plugins/Developer/NullSourceCodeAccess/NullSourceCodeAccess.uplugin" 25
"../../../Engine/Plugins/Developer/OneSkyLocalizationService/OneSkyLocalizationService.uplugin" 26
"../../../Engine/Plugins/Developer/PerforceSourceControl/PerforceSourceControl.uplugin" 27
"../../../Engine/Plugins/Developer/RenderDocPlugin/RenderDocPlugin.uplugin" 28
"../../../Engine/Plugins/Developer/SubversionSourceControl/SubversionSourceControl.uplugin" 29
"../../../Engine/Plugins/Developer/UObjectPlugin/UObjectPlugin.uplugin" 30
"../../../Engine/Plugins/Developer/VisualStudioCodeSourceCodeAccess/VisualStudioCodeSourceCodeAccess.uplugin" 31
"../../../Engine/Plugins/Developer/VisualStudioSourceCodeAccess/VisualStudioSourceCodeAccess.uplugin" 32
"../../../Engine/Plugins/Developer/XCodeSourceCodeAccess/XCodeSourceCodeAccess.uplugin" 33
"../../../Engine/Plugins/Editor/AssetManagerEditor/AssetManagerEditor.uplugin" 34
"../../../Engine/Plugins/Editor/BlueprintMaterialTextureNodes/BlueprintMaterialTextureNodes.uplugin" 35
"../../../Engine/Plugins/Editor/CryptoKeys/CryptoKeys.uplugin" 36
"../../../Engine/Plugins/Editor/DataValidation/DataValidation.uplugin" 37
"../../../Engine/Plugins/Editor/EditorScriptingUtilities/EditorScriptingUtilities.uplugin" 38
"../../../Engine/Plugins/Editor/FacialAnimation/FacialAnimation.uplugin" 39
"../../../Engine/Plugins/Editor/GameplayTagsEditor/GameplayTagsEditor.uplugin" 40
"../../../Engine/Plugins/Editor/GLTFImporter/GLTFImporter.uplugin" 41
"../../../Engine/Plugins/Editor/MacGraphicsSwitching/MacGraphicsSwitching.uplugin" 42
"../../../Engine/Plugins/Editor/MaterialAnalyzer/MaterialAnalyzer.uplugin" 43
"../../../Engine/Plugins/Editor/MeshEditor/MeshEditor.uplugin" 44
"../../../Engine/Plugins/Editor/MobileLauncherProfileWizard/MobileLauncherProfileWizard.uplugin" 45
"../../../Engine/Plugins/Editor/PluginBrowser/PluginBrowser.uplugin" 46
"../../../Engine/Plugins/Editor/SpeedTreeImporter/SpeedTreeImporter.uplugin" 47
"../../../Engine/Plugins/Enterprise/DatasmithContent/DatasmithContent.uplugin" 48
"../../../Engine/Plugins/Enterprise/VariantManagerContent/VariantManagerContent.uplugin" 49
"../../../Engine/Plugins/Experimental/AlembicImporter/AlembicImporter.uplugin" 50
"../../../Engine/Plugins/Experimental/AppleImageUtils/AppleImageUtils.uplugin" 51
"../../../Engine/Plugins/Experimental/AppleVision/AppleVision.uplugin" 52
"../../../Engine/Plugins/Experimental/AR/PointCloud/PointCloud.uplugin" 53
"../../../Engine/Plugins/Experimental/BackChannel/BackChannel.uplugin" 54
"../../../Engine/Plugins/Experimental/BlastPlugin/BlastPlugin.uplugin" 55
"../../../Engine/Plugins/Experimental/BlueprintStats/BlueprintStats.uplugin" 56
"../../../Engine/Plugins/Experimental/ChaosCloth/ChaosCloth.uplugin" 57
"../../../Engine/Plugins/Experimental/ChaosNiagara/ChaosNiagara.uplugin" 58
"../../../Engine/Plugins/Experimental/ChaosSolverPlugin/ChaosSolverPlugin.uplugin" 59
"../../../Engine/Plugins/Experimental/CharacterAI/CharacterAI.uplugin" 60
"../../../Engine/Plugins/Experimental/CodeEditor/CodeEditor.uplugin" 61
"../../../Engine/Plugins/Experimental/CodeView/CodeView.uplugin" 62
"../../../Engine/Plugins/Experimental/ControlRig/ControlRig.uplugin" 63
"../../../Engine/Plugins/Experimental/FieldSystemPlugin/FieldSystemPlugin.uplugin" 64
"../../../Engine/Plugins/Experimental/Gauntlet/Gauntlet.uplugin" 65
"../../../Engine/Plugins/Experimental/GeometryCache/GeometryCache.uplugin" 66
"../../../Engine/Plugins/Experimental/GeometryCollectionPlugin/GeometryCollectionPlugin.uplugin" 67
"../../../Engine/Plugins/Experimental/HTML5Networking/HTML5Networking.uplugin" 68
"../../../Engine/Plugins/Experimental/ImagePlate/ImagePlate.uplugin" 69
"../../../Engine/Plugins/Experimental/PixelStreaming/PixelStreaming.uplugin" 70
"../../../Engine/Plugins/Experimental/PlatformCrypto/PlatformCrypto.uplugin" 71
"../../../Engine/Plugins/Experimental/ProxyLODPlugin/ProxyLODPlugin.uplugin" 72
"../../../Engine/Plugins/Experimental/PythonScriptPlugin/PythonScriptPlugin.uplugin" 73
"../../../Engine/Plugins/Experimental/RawInput/RawInput.uplugin" 74
"../../../Engine/Plugins/Experimental/RemoteSession/RemoteSession.uplugin" 75
"../../../Engine/Plugins/Experimental/Shotgun/Shotgun.uplugin" 76
"../../../Engine/Plugins/Experimental/SimpleHMD/SimpleHMD.uplugin" 77
"../../../Engine/Plugins/Experimental/SkeletalReduction/SkeletalReduction.uplugin" 78
"../../../Engine/Plugins/Experimental/StereoPanorama/StereoPanorama.uplugin" 79
"../../../Engine/Plugins/Experimental/VirtualCamera/VirtualCamera.uplugin" 80
"../../../Engine/Plugins/Experimental/VirtualProductionUtilities/VirtualProductionUtilities.uplugin" 81
"../../../Engine/Plugins/FX/HoudiniNiagara/HoudiniNiagara.uplugin" 82
"../../../Engine/Plugins/FX/Niagara/Niagara.uplugin" 83
"../../../Engine/Plugins/FX/NiagaraExtras/NiagaraExtras.uplugin" 84
"../../../Engine/Plugins/Importers/USDImporter/USDImporter.uplugin" 85
"../../../Engine/Plugins/Lumin/MagicLeap/MagicLeap.uplugin" 86
"../../../Engine/Plugins/Lumin/MagicLeapCamera/MagicLeapCamera.uplugin" 87
"../../../Engine/Plugins/Lumin/MagicLeapMedia/MagicLeapMedia.uplugin" 88
"../../../Engine/Plugins/Lumin/MagicLeapScreens/MagicLeapScreens.uplugin" 89
"../../../Engine/Plugins/Media/AndroidCamera/AndroidCamera.uplugin" 90
"../../../Engine/Plugins/Media/AndroidMedia/AndroidMedia.uplugin" 91
"../../../Engine/Plugins/Media/AudioCaptureTimecodeProvider/AudioCaptureTimecodeProvider.uplugin" 92
"../../../Engine/Plugins/Media/AvfMedia/AvfMedia.uplugin" 93
"../../../Engine/Plugins/Media/ImgMedia/ImgMedia.uplugin" 94
"../../../Engine/Plugins/Media/LinearTimecode/LinearTimecode.uplugin" 95
"../../../Engine/Plugins/Media/MediaCompositing/MediaCompositing.uplugin" 96
"../../../Engine/Plugins/Media/MediaFrameworkUtilities/MediaFrameworkUtilities.uplugin" 97
"../../../Engine/Plugins/Media/MediaIOFramework/MediaIOFramework.uplugin" 98
"../../../Engine/Plugins/Media/MediaPlayerEditor/MediaPlayerEditor.uplugin" 99
"../../../Engine/Plugins/Media/MfMedia/MfMedia.uplugin" 100
"../../../Engine/Plugins/Media/TimecodeSynchronizer/TimecodeSynchronizer.uplugin" 101
"../../../Engine/Plugins/Media/WebMMedia/WebMMedia.uplugin" 102
"../../../Engine/Plugins/Media/WmfMedia/WmfMedia.uplugin" 103
"../../../Engine/Plugins/Messaging/MessagingDebugger/MessagingDebugger.uplugin" 104
"../../../Engine/Plugins/Messaging/TcpMessaging/TcpMessaging.uplugin" 105
"../../../Engine/Plugins/Messaging/UdpMessaging/UdpMessaging.uplugin" 106
"../../../Engine/Plugins/MovieScene/ActorSequence/ActorSequence.uplugin" 107
"../../../Engine/Plugins/MovieScene/LevelSequenceEditor/LevelSequenceEditor.uplugin" 108
"../../../Engine/Plugins/MovieScene/MatineeToLevelSequence/MatineeToLevelSequence.uplugin" 109
"../../../Engine/Plugins/MovieScene/SequencerScripting/SequencerScripting.uplugin" 110
"../../../Engine/Plugins/NetcodeUnitTest/NetcodeUnitTest/NetcodeUnitTest.uplugin" 111
"../../../Engine/Plugins/NetcodeUnitTest/NUTUnrealEngine4/NUTUnrealEngine4.uplugin" 112
"../../../Engine/Plugins/Online/Android/OnlineSubsystemGameCircle/OnlineSubsystemGameCircle.uplugin" 113
"../../../Engine/Plugins/Online/Android/OnlineSubsystemGooglePlay/OnlineSubsystemGooglePlay.uplugin" 114
"../../../Engine/Plugins/Online/IOS/OnlineSubsystemIOS/OnlineSubsystemIOS.uplugin" 115
"../../../Engine/Plugins/Online/OnlineFramework/OnlineFramework.uplugin" 116
"../../../Engine/Plugins/Online/OnlineSubsystem/OnlineSubsystem.uplugin" 117
"../../../Engine/Plugins/Online/OnlineSubsystemAmazon/OnlineSubsystemAmazon.uplugin" 118
"../../../Engine/Plugins/Online/OnlineSubsystemFacebook/OnlineSubsystemFacebook.uplugin" 119
"../../../Engine/Plugins/Online/OnlineSubsystemGoogle/OnlineSubsystemGoogle.uplugin" 120
"../../../Engine/Plugins/Online/OnlineSubsystemNull/OnlineSubsystemNull.uplugin" 121
"../../../Engine/Plugins/Online/OnlineSubsystemOculus/OnlineSubsystemOculus.uplugin" 122
"../../../Engine/Plugins/Online/OnlineSubsystemSteam/OnlineSubsystemSteam.uplugin" 123
"../../../Engine/Plugins/Online/OnlineSubsystemTwitch/OnlineSubsystemTwitch.uplugin" 124
"../../../Engine/Plugins/Online/OnlineSubsystemUtils/OnlineSubsystemUtils.uplugin" 125
"../../../Engine/Plugins/Online/VoiceChat/VivoxVoiceChat/VivoxVoiceChat.uplugin" 126
"../../../Engine/Plugins/Performance/PerformanceMonitor/PerformanceMonitor.uplugin" 127
"../../../Engine/Plugins/Portal/LauncherChunkInstaller/LauncherChunkInstaller.uplugin" 128
"../../../Engine/Plugins/Runtime/Advertising/IOSTapJoy/IOSTapJoy.uplugin" 129
"../../../Engine/Plugins/Runtime/Analytics/Adjust/Adjust.uplugin" 130
"../../../Engine/Plugins/Runtime/Analytics/AnalyticsBlueprintLibrary/AnalyticsBlueprintLibrary.uplugin" 131
"../../../Engine/Plugins/Runtime/Analytics/AnalyticsMulticast/AnalyticsMulticast.uplugin" 132
"../../../Engine/Plugins/Runtime/Analytics/Apsalar/Apsalar.uplugin" 133
"../../../Engine/Plugins/Runtime/Analytics/FileLogging/FileLogging.uplugin" 134
"../../../Engine/Plugins/Runtime/Analytics/Flurry/Flurry.uplugin" 135
"../../../Engine/Plugins/Runtime/AndroidDeviceProfileSelector/AndroidDeviceProfileSelector.uplugin" 136
"../../../Engine/Plugins/Runtime/AndroidMoviePlayer/AndroidMoviePlayer.uplugin" 137
"../../../Engine/Plugins/Runtime/AndroidPermission/AndroidPermission.uplugin" 138
"../../../Engine/Plugins/Runtime/AnimationBudgetAllocator/AnimationBudgetAllocator.uplugin" 139
"../../../Engine/Plugins/Runtime/AnimDistanceMatching/AnimDistanceMatching.uplugin" 140
"../../../Engine/Plugins/Runtime/ApexDestruction/ApexDestruction.uplugin" 141
"../../../Engine/Plugins/Runtime/AppleMoviePlayer/AppleMoviePlayer.uplugin" 142
"../../../Engine/Plugins/Runtime/AR/Apple/AppleARKit/AppleARKit.uplugin" 143
"../../../Engine/Plugins/Runtime/AR/Apple/AppleARKitFaceSupport/AppleARKitFaceSupport.uplugin" 144
"../../../Engine/Plugins/Runtime/AR/Google/GoogleARCore/GoogleARCore.uplugin" 145
"../../../Engine/Plugins/Runtime/AR/Google/GoogleARCoreServices/GoogleARCoreServices.uplugin" 146
"../../../Engine/Plugins/Runtime/ArchVisCharacter/ArchVisCharacter.uplugin" 147
"../../../Engine/Plugins/Runtime/AudioCapture/AudioCapture.uplugin" 148
"../../../Engine/Plugins/Runtime/CableComponent/CableComponent.uplugin" 149
"../../../Engine/Plugins/Runtime/CustomMeshComponent/CustomMeshComponent.uplugin" 150
"../../../Engine/Plugins/Runtime/Database/ADOSupport/ADOSupport.uplugin" 151
"../../../Engine/Plugins/Runtime/Database/DatabaseSupport/DatabaseSupport.uplugin" 152
"../../../Engine/Plugins/Runtime/Database/RemoteDatabaseSupport/RemoteDatabaseSupport.uplugin" 153
"../../../Engine/Plugins/Runtime/Database/SQLiteCore/SQLiteCore.uplugin" 154
"../../../Engine/Plugins/Runtime/Database/SQLiteSupport/SQLiteSupport.uplugin" 155
"../../../Engine/Plugins/Runtime/EditableMesh/EditableMesh.uplugin" 156
"../../../Engine/Plugins/Runtime/ExampleDeviceProfileSelector/ExampleDeviceProfileSelector.uplugin" 157
"../../../Engine/Plugins/Runtime/Firebase/Firebase.uplugin" 158
"../../../Engine/Plugins/Runtime/GameplayAbilities/GameplayAbilities.uplugin" 159
"../../../Engine/Plugins/Runtime/GoogleCloudMessaging/GoogleCloudMessaging.uplugin" 160
"../../../Engine/Plugins/Runtime/GoogleVR/GoogleVRController/GoogleVRController.uplugin" 161
"../../../Engine/Plugins/Runtime/GoogleVR/GoogleVRHMD/GoogleVRHMD.uplugin" 162
"../../../Engine/Plugins/Runtime/GoogleVR/GoogleVRTransition2D/GoogleVRTransition2D.uplugin" 163
"../../../Engine/Plugins/Runtime/HTTPChunkInstaller/HTTPChunkInstaller.uplugin" 164
"../../../Engine/Plugins/Runtime/IOSDeviceProfileSelector/IOSDeviceProfileSelector.uplugin" 165
"../../../Engine/Plugins/Runtime/LeapMotion/LeapMotion.uplugin" 166
"../../../Engine/Plugins/Runtime/LinuxDeviceProfileSelector/LinuxDeviceProfileSelector.uplugin" 167
"../../../Engine/Plugins/Runtime/LocationServicesAndroidImpl/LocationServicesAndroidImpl.uplugin" 168
"../../../Engine/Plugins/Runtime/LocationServicesBPLibrary/LocationServicesBPLibrary.uplugin" 169
"../../../Engine/Plugins/Runtime/LocationServicesIOSImpl/LocationServicesIOSImpl.uplugin" 170
"../../../Engine/Plugins/Runtime/MeshReconstruction/DummyMeshReconstructor/DummyMeshReconstructor.uplugin" 171
"../../../Engine/Plugins/Runtime/MIDIDevice/MIDIDevice.uplugin" 172
"../../../Engine/Plugins/Runtime/MixedRealityCaptureFramework/MixedRealityCaptureFramework.uplugin" 173
"../../../Engine/Plugins/Runtime/MobilePatchingUtils/MobilePatchingUtils.uplugin" 174
"../../../Engine/Plugins/Runtime/nDisplay/nDisplay.uplugin" 175
"../../../Engine/Plugins/Runtime/Nvidia/Ansel/Ansel.uplugin" 176
"../../../Engine/Plugins/Runtime/Oculus/OculusAudio/OculusAudio.uplugin" 177
"../../../Engine/Plugins/Runtime/Oculus/OculusAvatar/OculusAvatar.uplugin" 178
"../../../Engine/Plugins/Runtime/Oculus/OculusVR/OculusVR.uplugin" 179
"../../../Engine/Plugins/Runtime/OpenXR/OpenXR.uplugin" 180
"../../../Engine/Plugins/Runtime/OptionalMobileFeaturesBPLibrary/OptionalMobileFeaturesBPLibrary.uplugin" 181
"../../../Engine/Plugins/Runtime/PacketHandlers/AESHandlerComponent/AESHandlerComponent.uplugin" 182
"../../../Engine/Plugins/Runtime/PhysXVehicles/PhysXVehicles.uplugin" 183
"../../../Engine/Plugins/Runtime/PreLoadScreenMoviePlayer/PreLoadScreenMoviePlayer.uplugin" 184
"../../../Engine/Plugins/Runtime/ProceduralMeshComponent/ProceduralMeshComponent.uplugin" 185
"../../../Engine/Plugins/Runtime/ReplicationGraph/ReplicationGraph.uplugin" 186
"../../../Engine/Plugins/Runtime/ResonanceAudio/ResonanceAudio.uplugin" 187
"../../../Engine/Plugins/Runtime/RuntimePhysXCooking/RuntimePhysXCooking.uplugin" 188
"../../../Engine/Plugins/Runtime/SignificanceManager/SignificanceManager.uplugin" 189
"../../../Engine/Plugins/Runtime/SoundMod/SoundMod.uplugin" 190
"../../../Engine/Plugins/Runtime/SoundUtilities/SoundUtilities.uplugin" 191
"../../../Engine/Plugins/Runtime/SoundVisualizations/SoundVisualizations.uplugin" 192
"../../../Engine/Plugins/Runtime/Spatialization/Spatialization.uplugin" 193
"../../../Engine/Plugins/Runtime/Steam/SteamAudio/SteamAudio.uplugin" 194
"../../../Engine/Plugins/Runtime/Steam/SteamController/SteamController.uplugin" 195
"../../../Engine/Plugins/Runtime/Steam/SteamVR/SteamVR.uplugin" 196
"../../../Engine/Plugins/Runtime/SunPosition/SunPosition.uplugin" 197
"../../../Engine/Plugins/Runtime/Synthesis/Synthesis.uplugin" 198
"../../../Engine/Plugins/Runtime/TimeSynth/TimeSynth.uplugin" 199
"../../../Engine/Plugins/Runtime/WebBrowserWidget/WebBrowserWidget.uplugin" 200
"../../../Engine/Plugins/Runtime/WebMMoviePlayer/WebMMoviePlayer.uplugin" 201
"../../../Engine/Plugins/Runtime/WindowsDeviceProfileSelector/WindowsDeviceProfileSelector.uplugin" 202
"../../../Engine/Plugins/Runtime/WindowsMixedReality/WindowsMixedReality.uplugin" 203
"../../../Engine/Plugins/Runtime/WindowsMoviePlayer/WindowsMoviePlayer.uplugin" 204
"../../../Engine/Plugins/ScriptPlugin/ScriptPlugin.uplugin" 205
"../../../Engine/Plugins/Slate/SlateRemote/SlateRemote.uplugin" 206
"../../../Engine/Plugins/Tests/EditorTests/EditorTests.uplugin" 207
"../../../Engine/Plugins/Tests/FbxAutomationTestBuilder/FbxAutomationTestBuilder.uplugin" 208
"../../../Engine/Plugins/Tests/FunctionalTestingEditor/FunctionalTestingEditor.uplugin" 209
"../../../Engine/Plugins/Tests/RuntimeTests/RuntimeTests.uplugin" 210
"../../../Engine/Plugins/Tests/ScreenshotTools/ScreenshotTools.uplugin" 211
"../../../Engine/Plugins/VirtualProduction/Takes/Takes.uplugin" 212
"../../../Engine/Content/Internationalization/icudt53l/cnvalias.icu" 213
"../../../Engine/Content/Internationalization/icudt53l/res_index.res" 214
"../../../Engine/Content/Internationalization/icudt53l/plurals.res" 215
"../../../Engine/Content/Internationalization/icudt53l/lang/ru.res" 216
"../../../Engine/Content/Internationalization/icudt53l/lang/pool.res" 217
"../../../Engine/Content/Internationalization/icudt53l/lang/root.res" 218
"../../../Engine/Content/Internationalization/icudt53l/region/ru.res" 219
"../../../Engine/Content/Internationalization/icudt53l/region/pool.res" 220
"../../../Engine/Content/Internationalization/icudt53l/region/root.res" 221
"../../../Engine/Content/Internationalization/icudt53l/lang/en.res" 222
"../../../Engine/Content/Internationalization/icudt53l/region/en.res" 223
"../../../Engine/Content/Internationalization/icudt53l/windowsZones.res" 224
"../../../Engine/Content/Internationalization/icudt53l/zoneinfo64.res" 225
"../../../Engine/Content/Internationalization/icudt53l/keyTypeData.res" 226
"../../../Engine/Content/Internationalization/icudt53l/timezoneTypes.res" 227
"../../../Engine/Content/Internationalization/icudt53l/ru_RU.res" 228
"../../../Engine/Content/Internationalization/icudt53l/pool.res" 229
"../../../Engine/Content/Internationalization/icudt53l/ru.res" 230
"../../../Engine/Content/Internationalization/icudt53l/root.res" 231
"C:/Users/vahne/AppData/Local/UnrealEngine/4.22/Saved/Config/Windows/Manifest.ini" 232
"../../../Engine/Config/Linux/DataDrivenPlatformInfo.ini" 233
"../../../Engine/Config/Lumin/DataDrivenPlatformInfo.ini" 234
"../../../Engine/Config/Base.ini" 235
"../../../Engine/Config/BaseEngine.ini" 236
"G:/Tanki_Onlien/Config/DefaultEngine.ini" 237
"../../../Engine/Config/Windows/WindowsEngine.ini" 238
"G:/Tanki_Onlien/Saved/Config/Windows/Engine.ini" 239
"G:/Tanki_Onlien/Intermediate/Config/CoalescedSourceConfigs/Engine.ini" 240
"../../../Engine/Config/BaseGame.ini" 241
"G:/Tanki_Onlien/Config/DefaultGame.ini" 242
"../../../Engine/Config/Windows/WindowsGame.ini" 243
"G:/Tanki_Onlien/Saved/Config/Windows/Game.ini" 244
"G:/Tanki_Onlien/Intermediate/Config/CoalescedSourceConfigs/Game.ini" 245
"../../../Engine/Config/BaseInput.ini" 246
"G:/Tanki_Onlien/Config/DefaultInput.ini" 247
"G:/Tanki_Onlien/Saved/Config/Windows/Input.ini" 248
"G:/Tanki_Onlien/Intermediate/Config/CoalescedSourceConfigs/Input.ini" 249
"../../../Engine/Config/BaseEditor.ini" 250
"G:/Tanki_Onlien/Config/DefaultEditor.ini" 251
"G:/Tanki_Onlien/Saved/Config/Windows/Editor.ini" 252
"G:/Tanki_Onlien/Intermediate/Config/CoalescedSourceConfigs/Editor.ini" 253
"../../../Engine/Config/BaseEditorPerProjectUserSettings.ini" 254
"G:/Tanki_Onlien/Saved/Config/Windows/EditorPerProjectUserSettings.ini" 255
"G:/Tanki_Onlien/Intermediate/Config/CoalescedSourceConfigs/EditorPerProjectUserSettings.ini" 256
"../../../Engine/Config/BaseEditorSettings.ini" 257
"C:/Users/vahne/AppData/Local/UnrealEngine/4.22/Saved/Config/Windows/EditorSettings.ini" 258
"G:/Tanki_Onlien/Intermediate/Config/CoalescedSourceConfigs/EditorSettings.ini" 259
"../../../Engine/Config/BaseEditorLayout.ini" 260
"C:/Users/vahne/AppData/Local/UnrealEngine/4.22/Saved/Config/Windows/EditorLayout.ini" 261
"G:/Tanki_Onlien/Intermediate/Config/CoalescedSourceConfigs/EditorLayout.ini" 262
"../../../Engine/Config/BaseEditorKeyBindings.ini" 263
"C:/Users/vahne/AppData/Local/UnrealEngine/4.22/Saved/Config/Windows/EditorKeyBindings.ini" 264
"G:/Tanki_Onlien/Intermediate/Config/CoalescedSourceConfigs/EditorKeyBindings.ini" 265
"../../../Engine/Config/BaseCompat.ini" 266
"G:/Tanki_Onlien/Saved/Config/Windows/Compat.ini" 267
"G:/Tanki_Onlien/Intermediate/Config/CoalescedSourceConfigs/Compat.ini" 268
"../../../Engine/Config/BaseLightmass.ini" 269
"G:/Tanki_Onlien/Saved/Config/Windows/Lightmass.ini" 270
"G:/Tanki_Onlien/Intermediate/Config/CoalescedSourceConfigs/Lightmass.ini" 271
"../../../Engine/Config/BaseScalability.ini" 272
"G:/Tanki_Onlien/Saved/Config/Windows/Scalability.ini" 273
"G:/Tanki_Onlien/Intermediate/Config/CoalescedSourceConfigs/Scalability.ini" 274
"../../../Engine/Config/BaseHardware.ini" 275
"G:/Tanki_Onlien/Saved/Config/Windows/Hardware.ini" 276
"G:/Tanki_Onlien/Intermediate/Config/CoalescedSourceConfigs/Hardware.ini" 277
"../../../Engine/Config/BaseGameUserSettings.ini" 278
"G:/Tanki_Onlien/Saved/Config/Windows/GameUserSettings.ini" 279
"G:/Tanki_Onlien/Intermediate/Config/CoalescedSourceConfigs/GameUserSettings.ini" 280
"../../../Engine/Plugins/2D/Paper2D/Config/BasePaper2D.ini" 281
"G:/Tanki_Onlien/Saved/Config/Windows/Paper2D.ini" 282
"G:/Tanki_Onlien/Intermediate/Config/CoalescedSourceConfigs/Paper2D.ini" 283
"G:/Tanki_Onlien/Intermediate/Config/CoalescedSourceConfigs/AISupport.ini" 284
"G:/Tanki_Onlien/Intermediate/Config/CoalescedSourceConfigs/LightPropagationVolume.ini" 285
"G:/Tanki_Onlien/Intermediate/Config/CoalescedSourceConfigs/ActorLayerUtilities.ini" 286
"G:/Tanki_Onlien/Intermediate/Config/CoalescedSourceConfigs/AnimationSharing.ini" 287
"G:/Tanki_Onlien/Intermediate/Config/CoalescedSourceConfigs/CLionSourceCodeAccess.ini" 288
"G:/Tanki_Onlien/Intermediate/Config/CoalescedSourceConfigs/CodeLiteSourceCodeAccess.ini" 289
"G:/Tanki_Onlien/Intermediate/Config/CoalescedSourceConfigs/GitSourceControl.ini" 290
"G:/Tanki_Onlien/Intermediate/Config/CoalescedSourceConfigs/KDevelopSourceCodeAccess.ini" 291
"G:/Tanki_Onlien/Intermediate/Config/CoalescedSourceConfigs/NullSourceCodeAccess.ini" 292
"G:/Tanki_Onlien/Intermediate/Config/CoalescedSourceConfigs/PerforceSourceControl.ini" 293
"G:/Tanki_Onlien/Intermediate/Config/CoalescedSourceConfigs/SubversionSourceControl.ini" 294
"G:/Tanki_Onlien/Intermediate/Config/CoalescedSourceConfigs/UObjectPlugin.ini" 295
"G:/Tanki_Onlien/Intermediate/Config/CoalescedSourceConfigs/VisualStudioCodeSourceCodeAccess.ini" 296
"G:/Tanki_Onlien/Intermediate/Config/CoalescedSourceConfigs/VisualStudioSourceCodeAccess.ini" 297
"G:/Tanki_Onlien/Intermediate/Config/CoalescedSourceConfigs/XCodeSourceCodeAccess.ini" 298
"G:/Tanki_Onlien/Intermediate/Config/CoalescedSourceConfigs/AssetManagerEditor.ini" 299
"G:/Tanki_Onlien/Intermediate/Config/CoalescedSourceConfigs/CryptoKeys.ini" 300
"G:/Tanki_Onlien/Intermediate/Config/CoalescedSourceConfigs/DataValidation.ini" 301
"G:/Tanki_Onlien/Intermediate/Config/CoalescedSourceConfigs/FacialAnimation.ini" 302
"G:/Tanki_Onlien/Intermediate/Config/CoalescedSourceConfigs/GameplayTagsEditor.ini" 303
"G:/Tanki_Onlien/Intermediate/Config/CoalescedSourceConfigs/MacGraphicsSwitching.ini" 304
"G:/Tanki_Onlien/Intermediate/Config/CoalescedSourceConfigs/MaterialAnalyzer.ini" 305
"G:/Tanki_Onlien/Intermediate/Config/CoalescedSourceConfigs/MobileLauncherProfileWizard.ini" 306
"G:/Tanki_Onlien/Intermediate/Config/CoalescedSourceConfigs/PluginBrowser.ini" 307
"G:/Tanki_Onlien/Intermediate/Config/CoalescedSourceConfigs/SpeedTreeImporter.ini" 308
"G:/Tanki_Onlien/Intermediate/Config/CoalescedSourceConfigs/DatasmithContent.ini" 309
"G:/Tanki_Onlien/Intermediate/Config/CoalescedSourceConfigs/VariantManagerContent.ini" 310
"G:/Tanki_Onlien/Intermediate/Config/CoalescedSourceConfigs/AlembicImporter.ini" 311
"G:/Tanki_Onlien/Intermediate/Config/CoalescedSourceConfigs/AppleImageUtils.ini" 312
"G:/Tanki_Onlien/Intermediate/Config/CoalescedSourceConfigs/AppleVision.ini" 313
"G:/Tanki_Onlien/Intermediate/Config/CoalescedSourceConfigs/BackChannel.ini" 314
"G:/Tanki_Onlien/Intermediate/Config/CoalescedSourceConfigs/CharacterAI.ini" 315
"G:/Tanki_Onlien/Intermediate/Config/CoalescedSourceConfigs/GeometryCache.ini" 316
"G:/Tanki_Onlien/Intermediate/Config/CoalescedSourceConfigs/HTML5Networking.ini" 317
"G:/Tanki_Onlien/Intermediate/Config/CoalescedSourceConfigs/ProxyLODPlugin.ini" 318
"G:/Tanki_Onlien/Intermediate/Config/CoalescedSourceConfigs/SkeletalReduction.ini" 319
"../../../Engine/Plugins/Lumin/MagicLeap/Config/BaseMagicLeap.ini" 320
"G:/Tanki_Onlien/Saved/Config/Windows/MagicLeap.ini" 321
"G:/Tanki_Onlien/Intermediate/Config/CoalescedSourceConfigs/MagicLeap.ini" 322
"G:/Tanki_Onlien/Intermediate/Config/CoalescedSourceConfigs/MagicLeapMedia.ini" 323
"G:/Tanki_Onlien/Intermediate/Config/CoalescedSourceConfigs/AndroidMedia.ini" 324
"G:/Tanki_Onlien/Intermediate/Config/CoalescedSourceConfigs/AvfMedia.ini" 325
"G:/Tanki_Onlien/Intermediate/Config/CoalescedSourceConfigs/ImgMedia.ini" 326
"G:/Tanki_Onlien/Intermediate/Config/CoalescedSourceConfigs/LinearTimecode.ini" 327
"G:/Tanki_Onlien/Intermediate/Config/CoalescedSourceConfigs/MediaCompositing.ini" 328
"G:/Tanki_Onlien/Intermediate/Config/CoalescedSourceConfigs/MediaPlayerEditor.ini" 329
"G:/Tanki_Onlien/Intermediate/Config/CoalescedSourceConfigs/WebMMedia.ini" 330
"G:/Tanki_Onlien/Intermediate/Config/CoalescedSourceConfigs/WmfMedia.ini" 331
"G:/Tanki_Onlien/Intermediate/Config/CoalescedSourceConfigs/TcpMessaging.ini" 332
"G:/Tanki_Onlien/Intermediate/Config/CoalescedSourceConfigs/UdpMessaging.ini" 333
"G:/Tanki_Onlien/Intermediate/Config/CoalescedSourceConfigs/ActorSequence.ini" 334
"G:/Tanki_Onlien/Intermediate/Config/CoalescedSourceConfigs/LevelSequenceEditor.ini" 335
"G:/Tanki_Onlien/Intermediate/Config/CoalescedSourceConfigs/MatineeToLevelSequence.ini" 336
"G:/Tanki_Onlien/Intermediate/Config/CoalescedSourceConfigs/NetcodeUnitTest.ini" 337
"G:/Tanki_Onlien/Intermediate/Config/CoalescedSourceConfigs/NUTUnrealEngine4.ini" 338
"G:/Tanki_Onlien/Intermediate/Config/CoalescedSourceConfigs/OnlineSubsystemGooglePlay.ini" 339
"G:/Tanki_Onlien/Intermediate/Config/CoalescedSourceConfigs/OnlineSubsystemIOS.ini" 340
"G:/Tanki_Onlien/Intermediate/Config/CoalescedSourceConfigs/OnlineSubsystem.ini" 341
"G:/Tanki_Onlien/Intermediate/Config/CoalescedSourceConfigs/OnlineSubsystemNull.ini" 342
"G:/Tanki_Onlien/Intermediate/Config/CoalescedSourceConfigs/OnlineSubsystemUtils.ini" 343
"G:/Tanki_Onlien/Intermediate/Config/CoalescedSourceConfigs/LauncherChunkInstaller.ini" 344
"G:/Tanki_Onlien/Intermediate/Config/CoalescedSourceConfigs/AndroidDeviceProfileSelector.ini" 345
"G:/Tanki_Onlien/Intermediate/Config/CoalescedSourceConfigs/AndroidMoviePlayer.ini" 346
"G:/Tanki_Onlien/Intermediate/Config/CoalescedSourceConfigs/AndroidPermission.ini" 347
"G:/Tanki_Onlien/Intermediate/Config/CoalescedSourceConfigs/AppleMoviePlayer.ini" 348
"G:/Tanki_Onlien/Intermediate/Config/CoalescedSourceConfigs/ArchVisCharacter.ini" 349
"G:/Tanki_Onlien/Intermediate/Config/CoalescedSourceConfigs/AudioCapture.ini" 350
"G:/Tanki_Onlien/Intermediate/Config/CoalescedSourceConfigs/CableComponent.ini" 351
"G:/Tanki_Onlien/Intermediate/Config/CoalescedSourceConfigs/CustomMeshComponent.ini" 352
"G:/Tanki_Onlien/Intermediate/Config/CoalescedSourceConfigs/EditableMesh.ini" 353
"G:/Tanki_Onlien/Intermediate/Config/CoalescedSourceConfigs/ExampleDeviceProfileSelector.ini" 354
"G:/Tanki_Onlien/Intermediate/Config/CoalescedSourceConfigs/Firebase.ini" 355
"G:/Tanki_Onlien/Intermediate/Config/CoalescedSourceConfigs/GoogleCloudMessaging.ini" 356
"G:/Tanki_Onlien/Intermediate/Config/CoalescedSourceConfigs/IOSDeviceProfileSelector.ini" 357
"G:/Tanki_Onlien/Intermediate/Config/CoalescedSourceConfigs/LinuxDeviceProfileSelector.ini" 358
"G:/Tanki_Onlien/Intermediate/Config/CoalescedSourceConfigs/LocationServicesBPLibrary.ini" 359
"G:/Tanki_Onlien/Intermediate/Config/CoalescedSourceConfigs/MobilePatchingUtils.ini" 360
"../../../Engine/Plugins/Runtime/Oculus/OculusVR/Config/BaseOculusVR.ini" 361
"G:/Tanki_Onlien/Saved/Config/Windows/OculusVR.ini" 362
"G:/Tanki_Onlien/Intermediate/Config/CoalescedSourceConfigs/OculusVR.ini" 363
"../../../Engine/Plugins/Runtime/PhysXVehicles/Config/BasePhysXVehicles.ini" 364
"G:/Tanki_Onlien/Saved/Config/Windows/PhysXVehicles.ini" 365
"G:/Tanki_Onlien/Intermediate/Config/CoalescedSourceConfigs/PhysXVehicles.ini" 366
"G:/Tanki_Onlien/Intermediate/Config/CoalescedSourceConfigs/ProceduralMeshComponent.ini" 367
"G:/Tanki_Onlien/Intermediate/Config/CoalescedSourceConfigs/RuntimePhysXCooking.ini" 368
"G:/Tanki_Onlien/Intermediate/Config/CoalescedSourceConfigs/SignificanceManager.ini" 369
"G:/Tanki_Onlien/Intermediate/Config/CoalescedSourceConfigs/SteamVR.ini" 370
"G:/Tanki_Onlien/Intermediate/Config/CoalescedSourceConfigs/WebMMoviePlayer.ini" 371
"G:/Tanki_Onlien/Intermediate/Config/CoalescedSourceConfigs/WindowsMoviePlayer.ini" 372
"../../../Engine/Plugins/2D/Paper2D/Binaries/Win64/UE4Editor.modules" 373
"../../../Engine/Plugins/AI/AISupport/Binaries/Win64/UE4Editor.modules" 374
"../../../Engine/Plugins/Blendables/LightPropagationVolume/Binaries/Win64/UE4Editor.modules" 375
"../../../Engine/Plugins/Developer/ActorLayerUtilities/Binaries/Win64/UE4Editor.modules" 376
"../../../Engine/Plugins/Developer/AnimationSharing/Binaries/Win64/UE4Editor.modules" 377
"../../../Engine/Plugins/Runtime/SignificanceManager/Binaries/Win64/UE4Editor.modules" 378
"../../../Engine/Plugins/Developer/CLionSourceCodeAccess/Binaries/Win64/UE4Editor.modules" 379
"../../../Engine/Plugins/Developer/GitSourceControl/Binaries/Win64/UE4Editor.modules" 380
"../../../Engine/Plugins/Developer/PerforceSourceControl/Binaries/Win64/UE4Editor.modules" 381
"../../../Engine/Plugins/Developer/SubversionSourceControl/Binaries/Win64/UE4Editor.modules" 382
"../../../Engine/Plugins/Developer/UObjectPlugin/Binaries/Win64/UE4Editor.modules" 383
"../../../Engine/Plugins/Developer/VisualStudioCodeSourceCodeAccess/Binaries/Win64/UE4Editor.modules" 384
"../../../Engine/Plugins/Developer/VisualStudioSourceCodeAccess/Binaries/Win64/UE4Editor.modules" 385
"../../../Engine/Plugins/Editor/AssetManagerEditor/Binaries/Win64/UE4Editor.modules" 386
"../../../Engine/Plugins/Editor/CryptoKeys/Binaries/Win64/UE4Editor.modules" 387
"../../../Engine/Plugins/Editor/DataValidation/Binaries/Win64/UE4Editor.modules" 388
"../../../Engine/Plugins/Editor/FacialAnimation/Binaries/Win64/UE4Editor.modules" 389
"../../../Engine/Plugins/Editor/GameplayTagsEditor/Binaries/Win64/UE4Editor.modules" 390
"../../../Engine/Plugins/Editor/MaterialAnalyzer/Binaries/Win64/UE4Editor.modules" 391
"../../../Engine/Plugins/Editor/MobileLauncherProfileWizard/Binaries/Win64/UE4Editor.modules" 392
"../../../Engine/Plugins/Editor/PluginBrowser/Binaries/Win64/UE4Editor.modules" 393
"../../../Engine/Plugins/Editor/SpeedTreeImporter/Binaries/Win64/UE4Editor.modules" 394
"../../../Engine/Plugins/Enterprise/DatasmithContent/Binaries/Win64/UE4Editor.modules" 395
"../../../Engine/Plugins/Enterprise/VariantManagerContent/Binaries/Win64/UE4Editor.modules" 396
"../../../Engine/Plugins/Experimental/AlembicImporter/Binaries/Win64/UE4Editor.modules" 397
"../../../Engine/Plugins/Experimental/GeometryCache/Binaries/Win64/UE4Editor.modules" 398
"../../../Engine/Plugins/Experimental/AppleImageUtils/Binaries/Win64/UE4Editor.modules" 399
"../../../Engine/Plugins/Experimental/AppleVision/Binaries/Win64/UE4Editor.modules" 400
"../../../Engine/Plugins/Experimental/BackChannel/Binaries/Win64/UE4Editor.modules" 401
"../../../Engine/Plugins/Experimental/CharacterAI/Binaries/Win64/UE4Editor.modules" 402
"../../../Engine/Plugins/Experimental/HTML5Networking/Binaries/Win64/UE4Editor.modules" 403
"../../../Engine/Plugins/Experimental/ProxyLODPlugin/Binaries/Win64/UE4Editor.modules" 404
"../../../Engine/Plugins/Experimental/SkeletalReduction/Binaries/Win64/UE4Editor.modules" 405
"../../../Engine/Plugins/Lumin/MagicLeap/Binaries/Win64/UE4Editor.modules" 406
"../../../Engine/Plugins/Runtime/ProceduralMeshComponent/Binaries/Win64/UE4Editor.modules" 407
"../../../Engine/Plugins/Lumin/MagicLeapMedia/Binaries/Win64/UE4Editor.modules" 408
"../../../Engine/Plugins/Media/AndroidMedia/Binaries/Win64/UE4Editor.modules" 409
"../../../Engine/Plugins/Media/AvfMedia/Binaries/Win64/UE4Editor.modules" 410
"../../../Engine/Plugins/Media/ImgMedia/Binaries/Win64/UE4Editor.modules" 411
"../../../Engine/Plugins/Media/LinearTimecode/Binaries/Win64/UE4Editor.modules" 412
"../../../Engine/Plugins/Media/MediaCompositing/Binaries/Win64/UE4Editor.modules" 413
"../../../Engine/Plugins/Media/MediaPlayerEditor/Binaries/Win64/UE4Editor.modules" 414
"../../../Engine/Plugins/Media/WmfMedia/Binaries/Win64/UE4Editor.modules" 415
"../../../Engine/Plugins/Messaging/TcpMessaging/Binaries/Win64/UE4Editor.modules" 416
"../../../Engine/Plugins/Messaging/UdpMessaging/Binaries/Win64/UE4Editor.modules" 417
"../../../Engine/Plugins/MovieScene/ActorSequence/Binaries/Win64/UE4Editor.modules" 418
"../../../Engine/Plugins/MovieScene/LevelSequenceEditor/Binaries/Win64/UE4Editor.modules" 419
"../../../Engine/Plugins/MovieScene/MatineeToLevelSequence/Binaries/Win64/UE4Editor.modules" 420
"../../../Engine/Plugins/NetcodeUnitTest/NetcodeUnitTest/Binaries/Win64/UE4Editor.modules" 421
"../../../Engine/Plugins/NetcodeUnitTest/NUTUnrealEngine4/Binaries/Win64/UE4Editor.modules" 422
"../../../Engine/Plugins/Online/OnlineSubsystem/Binaries/Win64/UE4Editor.modules" 423
"../../../Engine/Plugins/Runtime/AndroidPermission/Binaries/Win64/UE4Editor.modules" 424
"../../../Engine/Plugins/Online/OnlineSubsystemNull/Binaries/Win64/UE4Editor.modules" 425
"../../../Engine/Plugins/Online/OnlineSubsystemUtils/Binaries/Win64/UE4Editor.modules" 426
"../../../Engine/Plugins/Portal/LauncherChunkInstaller/Binaries/Win64/UE4Editor.modules" 427
"../../../Engine/Plugins/Runtime/AndroidDeviceProfileSelector/Binaries/Win64/UE4Editor.modules" 428
"../../../Engine/Plugins/Runtime/ArchVisCharacter/Binaries/Win64/UE4Editor.modules" 429
"../../../Engine/Plugins/Runtime/AudioCapture/Binaries/Win64/UE4Editor.modules" 430
"../../../Engine/Plugins/Runtime/CableComponent/Binaries/Win64/UE4Editor.modules" 431
"../../../Engine/Plugins/Runtime/CustomMeshComponent/Binaries/Win64/UE4Editor.modules" 432
"../../../Engine/Plugins/Runtime/EditableMesh/Binaries/Win64/UE4Editor.modules" 433
"../../../Engine/Plugins/Runtime/ExampleDeviceProfileSelector/Binaries/Win64/UE4Editor.modules" 434
"../../../Engine/Plugins/Runtime/LocationServicesBPLibrary/Binaries/Win64/UE4Editor.modules" 435
"../../../Engine/Plugins/Runtime/MobilePatchingUtils/Binaries/Win64/UE4Editor.modules" 436
"../../../Engine/Plugins/Runtime/Oculus/OculusVR/Binaries/Win64/UE4Editor.modules" 437
"../../../Engine/Plugins/Runtime/PhysXVehicles/Binaries/Win64/UE4Editor.modules" 438
"../../../Engine/Plugins/Runtime/RuntimePhysXCooking/Binaries/Win64/UE4Editor.modules" 439
"../../../Engine/Plugins/Runtime/Steam/SteamVR/Binaries/Win64/UE4Editor.modules" 440
"../../../Engine/Plugins/Runtime/WebMMoviePlayer/Binaries/Win64/UE4Editor.modules" 441
"../../../Engine/Plugins/Media/WebMMedia/Binaries/Win64/UE4Editor.modules" 442
"../../../Engine/Plugins/Runtime/WindowsMoviePlayer/Binaries/Win64/UE4Editor.modules" 443
